(P(p)->A(a)),(P(p,x)->A(p,x)),(P(p)->A(a)),(((A&T)|M(q))->(E(x(w))->R(e,y))),(P(p,e)->A(a,e)),T,(P(x,y)->E),P(x,y)|-(A(x,y)->A)
(P(p)->A(a))
(P(p)->A(a))->(A(x,y)->(P(p)->A(a)))
A(x,y)->(P(p)->A(a))
(A(x,y))->(P(p))->(A(a))
(A(x,y))&(P(p))->((A(x,y))&(P(p))->(A(x,y))&(P(p)))->(A(x,y))&(P(p))
(A(x,y))&(P(p))->(A(x,y))&(P(p))->(A(x,y))&(P(p))
((A(x,y))&(P(p))->(A(x,y))&(P(p))->(A(x,y))&(P(p)))->((A(x,y))&(P(p))->((A(x,y))&(P(p))->(A(x,y))&(P(p)))->(A(x,y))&(P(p)))->(A(x,y))&(P(p))->(A(x,y))&(P(p))
((A(x,y))&(P(p))->((A(x,y))&(P(p))->(A(x,y))&(P(p)))->(A(x,y))&(P(p)))->(A(x,y))&(P(p))->(A(x,y))&(P(p))
(A(x,y))&(P(p))->(A(x,y))&(P(p))
(A(x,y))&(P(p))->(A(x,y))
((A(x,y))&(P(p))->(A(x,y)))->(A(x,y))&(P(p))->(A(x,y))&(P(p))->(A(x,y))
(A(x,y))&(P(p))->(A(x,y))&(P(p))->(A(x,y))
(A(x,y))&(P(p))->(P(p))
((A(x,y))&(P(p))->(P(p)))->(A(x,y))&(P(p))->(A(x,y))&(P(p))->(P(p))
(A(x,y))&(P(p))->(A(x,y))&(P(p))->(P(p))
((A(x,y))&(P(p))->(A(x,y))&(P(p)))->((A(x,y))&(P(p))->(A(x,y))&(P(p))->(A(x,y)))->(A(x,y))&(P(p))->(A(x,y))
((A(x,y))&(P(p))->(A(x,y))&(P(p))->(A(x,y)))->(A(x,y))&(P(p))->(A(x,y))
(A(x,y))&(P(p))->(A(x,y))
((A(x,y))&(P(p))->(A(x,y))&(P(p)))->((A(x,y))&(P(p))->(A(x,y))&(P(p))->(P(p)))->(A(x,y))&(P(p))->(P(p))
((A(x,y))&(P(p))->(A(x,y))&(P(p))->(P(p)))->(A(x,y))&(P(p))->(P(p))
(A(x,y))&(P(p))->(P(p))
((A(x,y))->(P(p))->(A(a)))->(A(x,y))&(P(p))->(A(x,y))->(P(p))->(A(a))
(A(x,y))&(P(p))->(A(x,y))->(P(p))->(A(a))
((A(x,y))&(P(p))->(A(x,y)))->((A(x,y))&(P(p))->(A(x,y))->(P(p))->(A(a)))->(A(x,y))&(P(p))->(P(p))->(A(a))
((A(x,y))&(P(p))->(A(x,y))->(P(p))->(A(a)))->(A(x,y))&(P(p))->(P(p))->(A(a))
(A(x,y))&(P(p))->(P(p))->(A(a))
((A(x,y))&(P(p))->(P(p)))->((A(x,y))&(P(p))->(P(p))->(A(a)))->(A(x,y))&(P(p))->(A(a))
((A(x,y))&(P(p))->(P(p))->(A(a)))->(A(x,y))&(P(p))->(A(a))
(A(x,y))&(P(p))->(A(a))
(A(x,y))&(P(p))->(@tA(a))
(A(x,y))->((A(x,y))->(A(x,y)))->(A(x,y))
(A(x,y))->(A(x,y))->(A(x,y))
((A(x,y))->(A(x,y))->(A(x,y)))->((A(x,y))->((A(x,y))->(A(x,y)))->(A(x,y)))->(A(x,y))->(A(x,y))
((A(x,y))->((A(x,y))->(A(x,y)))->(A(x,y)))->(A(x,y))->(A(x,y))
(A(x,y))->(A(x,y))
(A(x,y))->(P(p))->(A(x,y))
((A(x,y))->(P(p))->(A(x,y)))->(A(x,y))->(A(x,y))->(P(p))->(A(x,y))
(A(x,y))->(A(x,y))->(P(p))->(A(x,y))
((A(x,y))->(A(x,y)))->((A(x,y))->(A(x,y))->(P(p))->(A(x,y)))->(A(x,y))->(P(p))->(A(x,y))
((A(x,y))->(A(x,y))->(P(p))->(A(x,y)))->(A(x,y))->(P(p))->(A(x,y))
(A(x,y))->(P(p))->(A(x,y))
(P(p))->((P(p))->(P(p)))->(P(p))
((P(p))->((P(p))->(P(p)))->(P(p)))->(A(x,y))->(P(p))->((P(p))->(P(p)))->(P(p))
(A(x,y))->(P(p))->((P(p))->(P(p)))->(P(p))
(P(p))->(P(p))->(P(p))
((P(p))->(P(p))->(P(p)))->(A(x,y))->(P(p))->(P(p))->(P(p))
(A(x,y))->(P(p))->(P(p))->(P(p))
((P(p))->(P(p))->(P(p)))->((P(p))->((P(p))->(P(p)))->(P(p)))->(P(p))->(P(p))
(((P(p))->(P(p))->(P(p)))->((P(p))->((P(p))->(P(p)))->(P(p)))->(P(p))->(P(p)))->(A(x,y))->((P(p))->(P(p))->(P(p)))->((P(p))->((P(p))->(P(p)))->(P(p)))->(P(p))->(P(p))
(A(x,y))->((P(p))->(P(p))->(P(p)))->((P(p))->((P(p))->(P(p)))->(P(p)))->(P(p))->(P(p))
((A(x,y))->(P(p))->(P(p))->(P(p)))->((A(x,y))->((P(p))->(P(p))->(P(p)))->((P(p))->((P(p))->(P(p)))->(P(p)))->(P(p))->(P(p)))->(A(x,y))->((P(p))->((P(p))->(P(p)))->(P(p)))->(P(p))->(P(p))
((A(x,y))->((P(p))->(P(p))->(P(p)))->((P(p))->((P(p))->(P(p)))->(P(p)))->(P(p))->(P(p)))->(A(x,y))->((P(p))->((P(p))->(P(p)))->(P(p)))->(P(p))->(P(p))
(A(x,y))->((P(p))->((P(p))->(P(p)))->(P(p)))->(P(p))->(P(p))
((A(x,y))->(P(p))->((P(p))->(P(p)))->(P(p)))->((A(x,y))->((P(p))->((P(p))->(P(p)))->(P(p)))->(P(p))->(P(p)))->(A(x,y))->(P(p))->(P(p))
((A(x,y))->((P(p))->((P(p))->(P(p)))->(P(p)))->(P(p))->(P(p)))->(A(x,y))->(P(p))->(P(p))
(A(x,y))->(P(p))->(P(p))
(A(x,y))->(P(p))->(A(x,y))&(P(p))
((A(x,y))->(P(p))->(A(x,y))&(P(p)))->(A(x,y))->(A(x,y))->(P(p))->(A(x,y))&(P(p))
(A(x,y))->(A(x,y))->(P(p))->(A(x,y))&(P(p))
((A(x,y))->(P(p))->(A(x,y))&(P(p)))->(P(p))->(A(x,y))->(P(p))->(A(x,y))&(P(p))
(((A(x,y))->(P(p))->(A(x,y))&(P(p)))->(P(p))->(A(x,y))->(P(p))->(A(x,y))&(P(p)))->(A(x,y))->((A(x,y))->(P(p))->(A(x,y))&(P(p)))->(P(p))->(A(x,y))->(P(p))->(A(x,y))&(P(p))
(A(x,y))->((A(x,y))->(P(p))->(A(x,y))&(P(p)))->(P(p))->(A(x,y))->(P(p))->(A(x,y))&(P(p))
((A(x,y))->(A(x,y))->(P(p))->(A(x,y))&(P(p)))->((A(x,y))->((A(x,y))->(P(p))->(A(x,y))&(P(p)))->(P(p))->(A(x,y))->(P(p))->(A(x,y))&(P(p)))->(A(x,y))->(P(p))->(A(x,y))->(P(p))->(A(x,y))&(P(p))
((A(x,y))->((A(x,y))->(P(p))->(A(x,y))&(P(p)))->(P(p))->(A(x,y))->(P(p))->(A(x,y))&(P(p)))->(A(x,y))->(P(p))->(A(x,y))->(P(p))->(A(x,y))&(P(p))
(A(x,y))->(P(p))->(A(x,y))->(P(p))->(A(x,y))&(P(p))
((P(p))->(A(x,y)))->((P(p))->(A(x,y))->(P(p))->(A(x,y))&(P(p)))->(P(p))->(P(p))->(A(x,y))&(P(p))
(((P(p))->(A(x,y)))->((P(p))->(A(x,y))->(P(p))->(A(x,y))&(P(p)))->(P(p))->(P(p))->(A(x,y))&(P(p)))->(A(x,y))->((P(p))->(A(x,y)))->((P(p))->(A(x,y))->(P(p))->(A(x,y))&(P(p)))->(P(p))->(P(p))->(A(x,y))&(P(p))
(A(x,y))->((P(p))->(A(x,y)))->((P(p))->(A(x,y))->(P(p))->(A(x,y))&(P(p)))->(P(p))->(P(p))->(A(x,y))&(P(p))
((A(x,y))->(P(p))->(A(x,y)))->((A(x,y))->((P(p))->(A(x,y)))->((P(p))->(A(x,y))->(P(p))->(A(x,y))&(P(p)))->(P(p))->(P(p))->(A(x,y))&(P(p)))->(A(x,y))->((P(p))->(A(x,y))->(P(p))->(A(x,y))&(P(p)))->(P(p))->(P(p))->(A(x,y))&(P(p))
((A(x,y))->((P(p))->(A(x,y)))->((P(p))->(A(x,y))->(P(p))->(A(x,y))&(P(p)))->(P(p))->(P(p))->(A(x,y))&(P(p)))->(A(x,y))->((P(p))->(A(x,y))->(P(p))->(A(x,y))&(P(p)))->(P(p))->(P(p))->(A(x,y))&(P(p))
(A(x,y))->((P(p))->(A(x,y))->(P(p))->(A(x,y))&(P(p)))->(P(p))->(P(p))->(A(x,y))&(P(p))
((A(x,y))->(P(p))->(A(x,y))->(P(p))->(A(x,y))&(P(p)))->((A(x,y))->((P(p))->(A(x,y))->(P(p))->(A(x,y))&(P(p)))->(P(p))->(P(p))->(A(x,y))&(P(p)))->(A(x,y))->(P(p))->(P(p))->(A(x,y))&(P(p))
((A(x,y))->((P(p))->(A(x,y))->(P(p))->(A(x,y))&(P(p)))->(P(p))->(P(p))->(A(x,y))&(P(p)))->(A(x,y))->(P(p))->(P(p))->(A(x,y))&(P(p))
(A(x,y))->(P(p))->(P(p))->(A(x,y))&(P(p))
((P(p))->(P(p)))->((P(p))->(P(p))->(A(x,y))&(P(p)))->(P(p))->(A(x,y))&(P(p))
(((P(p))->(P(p)))->((P(p))->(P(p))->(A(x,y))&(P(p)))->(P(p))->(A(x,y))&(P(p)))->(A(x,y))->((P(p))->(P(p)))->((P(p))->(P(p))->(A(x,y))&(P(p)))->(P(p))->(A(x,y))&(P(p))
(A(x,y))->((P(p))->(P(p)))->((P(p))->(P(p))->(A(x,y))&(P(p)))->(P(p))->(A(x,y))&(P(p))
((A(x,y))->(P(p))->(P(p)))->((A(x,y))->((P(p))->(P(p)))->((P(p))->(P(p))->(A(x,y))&(P(p)))->(P(p))->(A(x,y))&(P(p)))->(A(x,y))->((P(p))->(P(p))->(A(x,y))&(P(p)))->(P(p))->(A(x,y))&(P(p))
((A(x,y))->((P(p))->(P(p)))->((P(p))->(P(p))->(A(x,y))&(P(p)))->(P(p))->(A(x,y))&(P(p)))->(A(x,y))->((P(p))->(P(p))->(A(x,y))&(P(p)))->(P(p))->(A(x,y))&(P(p))
(A(x,y))->((P(p))->(P(p))->(A(x,y))&(P(p)))->(P(p))->(A(x,y))&(P(p))
((A(x,y))->(A(x,y)))->((A(x,y))->(A(x,y))->(P(p))->(A(x,y))&(P(p)))->(A(x,y))->(P(p))->(A(x,y))&(P(p))
((A(x,y))->(A(x,y))->(P(p))->(A(x,y))&(P(p)))->(A(x,y))->(P(p))->(A(x,y))&(P(p))
(A(x,y))->(P(p))->(A(x,y))&(P(p))
((A(x,y))&(P(p))->(@tA(a)))->(A(x,y))->(A(x,y))&(P(p))->(@tA(a))
(A(x,y))->(A(x,y))&(P(p))->(@tA(a))
((A(x,y))&(P(p))->(@tA(a)))->(P(p))->(A(x,y))&(P(p))->(@tA(a))
(((A(x,y))&(P(p))->(@tA(a)))->(P(p))->(A(x,y))&(P(p))->(@tA(a)))->(A(x,y))->((A(x,y))&(P(p))->(@tA(a)))->(P(p))->(A(x,y))&(P(p))->(@tA(a))
(A(x,y))->((A(x,y))&(P(p))->(@tA(a)))->(P(p))->(A(x,y))&(P(p))->(@tA(a))
((A(x,y))->(A(x,y))&(P(p))->(@tA(a)))->((A(x,y))->((A(x,y))&(P(p))->(@tA(a)))->(P(p))->(A(x,y))&(P(p))->(@tA(a)))->(A(x,y))->(P(p))->(A(x,y))&(P(p))->(@tA(a))
((A(x,y))->((A(x,y))&(P(p))->(@tA(a)))->(P(p))->(A(x,y))&(P(p))->(@tA(a)))->(A(x,y))->(P(p))->(A(x,y))&(P(p))->(@tA(a))
(A(x,y))->(P(p))->(A(x,y))&(P(p))->(@tA(a))
((P(p))->(A(x,y))&(P(p)))->((P(p))->(A(x,y))&(P(p))->(@tA(a)))->(P(p))->(@tA(a))
(((P(p))->(A(x,y))&(P(p)))->((P(p))->(A(x,y))&(P(p))->(@tA(a)))->(P(p))->(@tA(a)))->(A(x,y))->((P(p))->(A(x,y))&(P(p)))->((P(p))->(A(x,y))&(P(p))->(@tA(a)))->(P(p))->(@tA(a))
(A(x,y))->((P(p))->(A(x,y))&(P(p)))->((P(p))->(A(x,y))&(P(p))->(@tA(a)))->(P(p))->(@tA(a))
((A(x,y))->(P(p))->(A(x,y))&(P(p)))->((A(x,y))->((P(p))->(A(x,y))&(P(p)))->((P(p))->(A(x,y))&(P(p))->(@tA(a)))->(P(p))->(@tA(a)))->(A(x,y))->((P(p))->(A(x,y))&(P(p))->(@tA(a)))->(P(p))->(@tA(a))
((A(x,y))->((P(p))->(A(x,y))&(P(p)))->((P(p))->(A(x,y))&(P(p))->(@tA(a)))->(P(p))->(@tA(a)))->(A(x,y))->((P(p))->(A(x,y))&(P(p))->(@tA(a)))->(P(p))->(@tA(a))
(A(x,y))->((P(p))->(A(x,y))&(P(p))->(@tA(a)))->(P(p))->(@tA(a))
((A(x,y))->(P(p))->(A(x,y))&(P(p))->(@tA(a)))->((A(x,y))->((P(p))->(A(x,y))&(P(p))->(@tA(a)))->(P(p))->(@tA(a)))->(A(x,y))->(P(p))->(@tA(a))
((A(x,y))->((P(p))->(A(x,y))&(P(p))->(@tA(a)))->(P(p))->(@tA(a)))->(A(x,y))->(P(p))->(@tA(a))
(A(x,y))->(P(p))->(@tA(a))
(A(x,y))->((A(x,y))->(A(x,y)))->(A(x,y))
((A(x,y))->((A(x,y))->(A(x,y)))->(A(x,y)))->(P(p))->(A(x,y))->((A(x,y))->(A(x,y)))->(A(x,y))
(P(p))->(A(x,y))->((A(x,y))->(A(x,y)))->(A(x,y))
(A(x,y))->(A(x,y))->(A(x,y))
((A(x,y))->(A(x,y))->(A(x,y)))->(P(p))->(A(x,y))->(A(x,y))->(A(x,y))
(P(p))->(A(x,y))->(A(x,y))->(A(x,y))
((A(x,y))->(A(x,y))->(A(x,y)))->((A(x,y))->((A(x,y))->(A(x,y)))->(A(x,y)))->(A(x,y))->(A(x,y))
(((A(x,y))->(A(x,y))->(A(x,y)))->((A(x,y))->((A(x,y))->(A(x,y)))->(A(x,y)))->(A(x,y))->(A(x,y)))->(P(p))->((A(x,y))->(A(x,y))->(A(x,y)))->((A(x,y))->((A(x,y))->(A(x,y)))->(A(x,y)))->(A(x,y))->(A(x,y))
(P(p))->((A(x,y))->(A(x,y))->(A(x,y)))->((A(x,y))->((A(x,y))->(A(x,y)))->(A(x,y)))->(A(x,y))->(A(x,y))
((P(p))->(A(x,y))->(A(x,y))->(A(x,y)))->((P(p))->((A(x,y))->(A(x,y))->(A(x,y)))->((A(x,y))->((A(x,y))->(A(x,y)))->(A(x,y)))->(A(x,y))->(A(x,y)))->(P(p))->((A(x,y))->((A(x,y))->(A(x,y)))->(A(x,y)))->(A(x,y))->(A(x,y))
((P(p))->((A(x,y))->(A(x,y))->(A(x,y)))->((A(x,y))->((A(x,y))->(A(x,y)))->(A(x,y)))->(A(x,y))->(A(x,y)))->(P(p))->((A(x,y))->((A(x,y))->(A(x,y)))->(A(x,y)))->(A(x,y))->(A(x,y))
(P(p))->((A(x,y))->((A(x,y))->(A(x,y)))->(A(x,y)))->(A(x,y))->(A(x,y))
((P(p))->(A(x,y))->((A(x,y))->(A(x,y)))->(A(x,y)))->((P(p))->((A(x,y))->((A(x,y))->(A(x,y)))->(A(x,y)))->(A(x,y))->(A(x,y)))->(P(p))->(A(x,y))->(A(x,y))
((P(p))->((A(x,y))->((A(x,y))->(A(x,y)))->(A(x,y)))->(A(x,y))->(A(x,y)))->(P(p))->(A(x,y))->(A(x,y))
(P(p))->(A(x,y))->(A(x,y))
(P(p))->((P(p))->(P(p)))->(P(p))
(P(p))->(P(p))->(P(p))
((P(p))->(P(p))->(P(p)))->((P(p))->((P(p))->(P(p)))->(P(p)))->(P(p))->(P(p))
((P(p))->((P(p))->(P(p)))->(P(p)))->(P(p))->(P(p))
(P(p))->(P(p))
(P(p))->(A(x,y))->(P(p))
((P(p))->(A(x,y))->(P(p)))->(P(p))->(P(p))->(A(x,y))->(P(p))
(P(p))->(P(p))->(A(x,y))->(P(p))
((P(p))->(P(p)))->((P(p))->(P(p))->(A(x,y))->(P(p)))->(P(p))->(A(x,y))->(P(p))
((P(p))->(P(p))->(A(x,y))->(P(p)))->(P(p))->(A(x,y))->(P(p))
(P(p))->(A(x,y))->(P(p))
(A(x,y))->(P(p))->(A(a))
((A(x,y))->(P(p))->(A(a)))->(P(p))->(A(x,y))->(P(p))->(A(a))
(P(p))->(A(x,y))->(P(p))->(A(a))
((A(x,y))->(P(p))->(A(a)))->(A(x,y))->(A(x,y))->(P(p))->(A(a))
(((A(x,y))->(P(p))->(A(a)))->(A(x,y))->(A(x,y))->(P(p))->(A(a)))->(P(p))->((A(x,y))->(P(p))->(A(a)))->(A(x,y))->(A(x,y))->(P(p))->(A(a))
(P(p))->((A(x,y))->(P(p))->(A(a)))->(A(x,y))->(A(x,y))->(P(p))->(A(a))
((P(p))->(A(x,y))->(P(p))->(A(a)))->((P(p))->((A(x,y))->(P(p))->(A(a)))->(A(x,y))->(A(x,y))->(P(p))->(A(a)))->(P(p))->(A(x,y))->(A(x,y))->(P(p))->(A(a))
((P(p))->((A(x,y))->(P(p))->(A(a)))->(A(x,y))->(A(x,y))->(P(p))->(A(a)))->(P(p))->(A(x,y))->(A(x,y))->(P(p))->(A(a))
(P(p))->(A(x,y))->(A(x,y))->(P(p))->(A(a))
((A(x,y))->(A(x,y)))->((A(x,y))->(A(x,y))->(P(p))->(A(a)))->(A(x,y))->(P(p))->(A(a))
(((A(x,y))->(A(x,y)))->((A(x,y))->(A(x,y))->(P(p))->(A(a)))->(A(x,y))->(P(p))->(A(a)))->(P(p))->((A(x,y))->(A(x,y)))->((A(x,y))->(A(x,y))->(P(p))->(A(a)))->(A(x,y))->(P(p))->(A(a))
(P(p))->((A(x,y))->(A(x,y)))->((A(x,y))->(A(x,y))->(P(p))->(A(a)))->(A(x,y))->(P(p))->(A(a))
((P(p))->(A(x,y))->(A(x,y)))->((P(p))->((A(x,y))->(A(x,y)))->((A(x,y))->(A(x,y))->(P(p))->(A(a)))->(A(x,y))->(P(p))->(A(a)))->(P(p))->((A(x,y))->(A(x,y))->(P(p))->(A(a)))->(A(x,y))->(P(p))->(A(a))
((P(p))->((A(x,y))->(A(x,y)))->((A(x,y))->(A(x,y))->(P(p))->(A(a)))->(A(x,y))->(P(p))->(A(a)))->(P(p))->((A(x,y))->(A(x,y))->(P(p))->(A(a)))->(A(x,y))->(P(p))->(A(a))
(P(p))->((A(x,y))->(A(x,y))->(P(p))->(A(a)))->(A(x,y))->(P(p))->(A(a))
(A(x,y))->(P(p))->(A(a))
((A(x,y))->(P(p))->(A(a)))->(P(p))->(A(x,y))->(P(p))->(A(a))
(P(p))->(A(x,y))->(P(p))->(A(a))
((A(x,y))->(P(p)))->((A(x,y))->(P(p))->(A(a)))->(A(x,y))->(A(a))
(((A(x,y))->(P(p)))->((A(x,y))->(P(p))->(A(a)))->(A(x,y))->(A(a)))->(P(p))->((A(x,y))->(P(p)))->((A(x,y))->(P(p))->(A(a)))->(A(x,y))->(A(a))
(P(p))->((A(x,y))->(P(p)))->((A(x,y))->(P(p))->(A(a)))->(A(x,y))->(A(a))
((P(p))->(A(x,y))->(P(p)))->((P(p))->((A(x,y))->(P(p)))->((A(x,y))->(P(p))->(A(a)))->(A(x,y))->(A(a)))->(P(p))->((A(x,y))->(P(p))->(A(a)))->(A(x,y))->(A(a))
((P(p))->((A(x,y))->(P(p)))->((A(x,y))->(P(p))->(A(a)))->(A(x,y))->(A(a)))->(P(p))->((A(x,y))->(P(p))->(A(a)))->(A(x,y))->(A(a))
(P(p))->((A(x,y))->(P(p))->(A(a)))->(A(x,y))->(A(a))
((P(p))->(A(x,y))->(P(p))->(A(a)))->((P(p))->((A(x,y))->(P(p))->(A(a)))->(A(x,y))->(A(a)))->(P(p))->(A(x,y))->(A(a))
((P(p))->((A(x,y))->(P(p))->(A(a)))->(A(x,y))->(A(a)))->(P(p))->(A(x,y))->(A(a))
(P(p))->(A(x,y))->(A(a))
(?tP(p))->(A(x,y))->(A(a))
(?tP(p))->((?tP(p))->(?tP(p)))->(?tP(p))
((?tP(p))->((?tP(p))->(?tP(p)))->(?tP(p)))->(A(x,y))->(?tP(p))->((?tP(p))->(?tP(p)))->(?tP(p))
(A(x,y))->(?tP(p))->((?tP(p))->(?tP(p)))->(?tP(p))
(?tP(p))->(?tP(p))->(?tP(p))
((?tP(p))->(?tP(p))->(?tP(p)))->(A(x,y))->(?tP(p))->(?tP(p))->(?tP(p))
(A(x,y))->(?tP(p))->(?tP(p))->(?tP(p))
((?tP(p))->(?tP(p))->(?tP(p)))->((?tP(p))->((?tP(p))->(?tP(p)))->(?tP(p)))->(?tP(p))->(?tP(p))
(((?tP(p))->(?tP(p))->(?tP(p)))->((?tP(p))->((?tP(p))->(?tP(p)))->(?tP(p)))->(?tP(p))->(?tP(p)))->(A(x,y))->((?tP(p))->(?tP(p))->(?tP(p)))->((?tP(p))->((?tP(p))->(?tP(p)))->(?tP(p)))->(?tP(p))->(?tP(p))
(A(x,y))->((?tP(p))->(?tP(p))->(?tP(p)))->((?tP(p))->((?tP(p))->(?tP(p)))->(?tP(p)))->(?tP(p))->(?tP(p))
((A(x,y))->(?tP(p))->(?tP(p))->(?tP(p)))->((A(x,y))->((?tP(p))->(?tP(p))->(?tP(p)))->((?tP(p))->((?tP(p))->(?tP(p)))->(?tP(p)))->(?tP(p))->(?tP(p)))->(A(x,y))->((?tP(p))->((?tP(p))->(?tP(p)))->(?tP(p)))->(?tP(p))->(?tP(p))
((A(x,y))->((?tP(p))->(?tP(p))->(?tP(p)))->((?tP(p))->((?tP(p))->(?tP(p)))->(?tP(p)))->(?tP(p))->(?tP(p)))->(A(x,y))->((?tP(p))->((?tP(p))->(?tP(p)))->(?tP(p)))->(?tP(p))->(?tP(p))
(A(x,y))->((?tP(p))->((?tP(p))->(?tP(p)))->(?tP(p)))->(?tP(p))->(?tP(p))
((A(x,y))->(?tP(p))->((?tP(p))->(?tP(p)))->(?tP(p)))->((A(x,y))->((?tP(p))->((?tP(p))->(?tP(p)))->(?tP(p)))->(?tP(p))->(?tP(p)))->(A(x,y))->(?tP(p))->(?tP(p))
((A(x,y))->((?tP(p))->((?tP(p))->(?tP(p)))->(?tP(p)))->(?tP(p))->(?tP(p)))->(A(x,y))->(?tP(p))->(?tP(p))
(A(x,y))->(?tP(p))->(?tP(p))
(A(x,y))->((A(x,y))->(A(x,y)))->(A(x,y))
(A(x,y))->(A(x,y))->(A(x,y))
((A(x,y))->(A(x,y))->(A(x,y)))->((A(x,y))->((A(x,y))->(A(x,y)))->(A(x,y)))->(A(x,y))->(A(x,y))
((A(x,y))->((A(x,y))->(A(x,y)))->(A(x,y)))->(A(x,y))->(A(x,y))
(A(x,y))->(A(x,y))
(A(x,y))->(?tP(p))->(A(x,y))
((A(x,y))->(?tP(p))->(A(x,y)))->(A(x,y))->(A(x,y))->(?tP(p))->(A(x,y))
(A(x,y))->(A(x,y))->(?tP(p))->(A(x,y))
((A(x,y))->(A(x,y)))->((A(x,y))->(A(x,y))->(?tP(p))->(A(x,y)))->(A(x,y))->(?tP(p))->(A(x,y))
((A(x,y))->(A(x,y))->(?tP(p))->(A(x,y)))->(A(x,y))->(?tP(p))->(A(x,y))
(A(x,y))->(?tP(p))->(A(x,y))
(?tP(p))->(A(x,y))->(A(a))
((?tP(p))->(A(x,y))->(A(a)))->(A(x,y))->(?tP(p))->(A(x,y))->(A(a))
(A(x,y))->(?tP(p))->(A(x,y))->(A(a))
((?tP(p))->(A(x,y))->(A(a)))->(?tP(p))->(?tP(p))->(A(x,y))->(A(a))
(((?tP(p))->(A(x,y))->(A(a)))->(?tP(p))->(?tP(p))->(A(x,y))->(A(a)))->(A(x,y))->((?tP(p))->(A(x,y))->(A(a)))->(?tP(p))->(?tP(p))->(A(x,y))->(A(a))
(A(x,y))->((?tP(p))->(A(x,y))->(A(a)))->(?tP(p))->(?tP(p))->(A(x,y))->(A(a))
((A(x,y))->(?tP(p))->(A(x,y))->(A(a)))->((A(x,y))->((?tP(p))->(A(x,y))->(A(a)))->(?tP(p))->(?tP(p))->(A(x,y))->(A(a)))->(A(x,y))->(?tP(p))->(?tP(p))->(A(x,y))->(A(a))
((A(x,y))->((?tP(p))->(A(x,y))->(A(a)))->(?tP(p))->(?tP(p))->(A(x,y))->(A(a)))->(A(x,y))->(?tP(p))->(?tP(p))->(A(x,y))->(A(a))
(A(x,y))->(?tP(p))->(?tP(p))->(A(x,y))->(A(a))
((?tP(p))->(?tP(p)))->((?tP(p))->(?tP(p))->(A(x,y))->(A(a)))->(?tP(p))->(A(x,y))->(A(a))
(((?tP(p))->(?tP(p)))->((?tP(p))->(?tP(p))->(A(x,y))->(A(a)))->(?tP(p))->(A(x,y))->(A(a)))->(A(x,y))->((?tP(p))->(?tP(p)))->((?tP(p))->(?tP(p))->(A(x,y))->(A(a)))->(?tP(p))->(A(x,y))->(A(a))
(A(x,y))->((?tP(p))->(?tP(p)))->((?tP(p))->(?tP(p))->(A(x,y))->(A(a)))->(?tP(p))->(A(x,y))->(A(a))
((A(x,y))->(?tP(p))->(?tP(p)))->((A(x,y))->((?tP(p))->(?tP(p)))->((?tP(p))->(?tP(p))->(A(x,y))->(A(a)))->(?tP(p))->(A(x,y))->(A(a)))->(A(x,y))->((?tP(p))->(?tP(p))->(A(x,y))->(A(a)))->(?tP(p))->(A(x,y))->(A(a))
((A(x,y))->((?tP(p))->(?tP(p)))->((?tP(p))->(?tP(p))->(A(x,y))->(A(a)))->(?tP(p))->(A(x,y))->(A(a)))->(A(x,y))->((?tP(p))->(?tP(p))->(A(x,y))->(A(a)))->(?tP(p))->(A(x,y))->(A(a))
(A(x,y))->((?tP(p))->(?tP(p))->(A(x,y))->(A(a)))->(?tP(p))->(A(x,y))->(A(a))
(?tP(p))->(A(x,y))->(A(a))
((?tP(p))->(A(x,y))->(A(a)))->(A(x,y))->(?tP(p))->(A(x,y))->(A(a))
(A(x,y))->(?tP(p))->(A(x,y))->(A(a))
((?tP(p))->(A(x,y)))->((?tP(p))->(A(x,y))->(A(a)))->(?tP(p))->(A(a))
(((?tP(p))->(A(x,y)))->((?tP(p))->(A(x,y))->(A(a)))->(?tP(p))->(A(a)))->(A(x,y))->((?tP(p))->(A(x,y)))->((?tP(p))->(A(x,y))->(A(a)))->(?tP(p))->(A(a))
(A(x,y))->((?tP(p))->(A(x,y)))->((?tP(p))->(A(x,y))->(A(a)))->(?tP(p))->(A(a))
((A(x,y))->(?tP(p))->(A(x,y)))->((A(x,y))->((?tP(p))->(A(x,y)))->((?tP(p))->(A(x,y))->(A(a)))->(?tP(p))->(A(a)))->(A(x,y))->((?tP(p))->(A(x,y))->(A(a)))->(?tP(p))->(A(a))
((A(x,y))->((?tP(p))->(A(x,y)))->((?tP(p))->(A(x,y))->(A(a)))->(?tP(p))->(A(a)))->(A(x,y))->((?tP(p))->(A(x,y))->(A(a)))->(?tP(p))->(A(a))
(A(x,y))->((?tP(p))->(A(x,y))->(A(a)))->(?tP(p))->(A(a))
((A(x,y))->(?tP(p))->(A(x,y))->(A(a)))->((A(x,y))->((?tP(p))->(A(x,y))->(A(a)))->(?tP(p))->(A(a)))->(A(x,y))->(?tP(p))->(A(a))
((A(x,y))->((?tP(p))->(A(x,y))->(A(a)))->(?tP(p))->(A(a)))->(A(x,y))->(?tP(p))->(A(a))
(A(x,y))->(?tP(p))->(A(a))
Вывод некорректен начиная с формулы номер 3
