|-(A->(@xP(x)->@xP(x)))
it is axiom 
(@xP(x)->P(x))
(@xP(x)->P(x))->(A->(@xP(x)->P(x)))
A->(@xP(x)->P(x))
(A)->(@xP(x))->(P(x))
(A)&(@xP(x))->((A)&(@xP(x))->(A)&(@xP(x)))->(A)&(@xP(x))
(A)&(@xP(x))->(A)&(@xP(x))->(A)&(@xP(x))
((A)&(@xP(x))->(A)&(@xP(x))->(A)&(@xP(x)))->((A)&(@xP(x))->((A)&(@xP(x))->(A)&(@xP(x)))->(A)&(@xP(x)))->(A)&(@xP(x))->(A)&(@xP(x))
((A)&(@xP(x))->((A)&(@xP(x))->(A)&(@xP(x)))->(A)&(@xP(x)))->(A)&(@xP(x))->(A)&(@xP(x))
(A)&(@xP(x))->(A)&(@xP(x))
(A)&(@xP(x))->(A)
((A)&(@xP(x))->(A))->(A)&(@xP(x))->(A)&(@xP(x))->(A)
(A)&(@xP(x))->(A)&(@xP(x))->(A)
(A)&(@xP(x))->(@xP(x))
((A)&(@xP(x))->(@xP(x)))->(A)&(@xP(x))->(A)&(@xP(x))->(@xP(x))
(A)&(@xP(x))->(A)&(@xP(x))->(@xP(x))
((A)&(@xP(x))->(A)&(@xP(x)))->((A)&(@xP(x))->(A)&(@xP(x))->(A))->(A)&(@xP(x))->(A)
((A)&(@xP(x))->(A)&(@xP(x))->(A))->(A)&(@xP(x))->(A)
(A)&(@xP(x))->(A)
((A)&(@xP(x))->(A)&(@xP(x)))->((A)&(@xP(x))->(A)&(@xP(x))->(@xP(x)))->(A)&(@xP(x))->(@xP(x))
((A)&(@xP(x))->(A)&(@xP(x))->(@xP(x)))->(A)&(@xP(x))->(@xP(x))
(A)&(@xP(x))->(@xP(x))
((A)->(@xP(x))->(P(x)))->(A)&(@xP(x))->(A)->(@xP(x))->(P(x))
(A)&(@xP(x))->(A)->(@xP(x))->(P(x))
((A)&(@xP(x))->(A))->((A)&(@xP(x))->(A)->(@xP(x))->(P(x)))->(A)&(@xP(x))->(@xP(x))->(P(x))
((A)&(@xP(x))->(A)->(@xP(x))->(P(x)))->(A)&(@xP(x))->(@xP(x))->(P(x))
(A)&(@xP(x))->(@xP(x))->(P(x))
((A)&(@xP(x))->(@xP(x)))->((A)&(@xP(x))->(@xP(x))->(P(x)))->(A)&(@xP(x))->(P(x))
((A)&(@xP(x))->(@xP(x))->(P(x)))->(A)&(@xP(x))->(P(x))
(A)&(@xP(x))->(P(x))
(A)&(@xP(x))->(@xP(x))
(A)->((A)->(A))->(A)
(A)->(A)->(A)
((A)->(A)->(A))->((A)->((A)->(A))->(A))->(A)->(A)
((A)->((A)->(A))->(A))->(A)->(A)
(A)->(A)
(A)->(@xP(x))->(A)
((A)->(@xP(x))->(A))->(A)->(A)->(@xP(x))->(A)
(A)->(A)->(@xP(x))->(A)
((A)->(A))->((A)->(A)->(@xP(x))->(A))->(A)->(@xP(x))->(A)
((A)->(A)->(@xP(x))->(A))->(A)->(@xP(x))->(A)
(A)->(@xP(x))->(A)
(@xP(x))->((@xP(x))->(@xP(x)))->(@xP(x))
((@xP(x))->((@xP(x))->(@xP(x)))->(@xP(x)))->(A)->(@xP(x))->((@xP(x))->(@xP(x)))->(@xP(x))
(A)->(@xP(x))->((@xP(x))->(@xP(x)))->(@xP(x))
(@xP(x))->(@xP(x))->(@xP(x))
((@xP(x))->(@xP(x))->(@xP(x)))->(A)->(@xP(x))->(@xP(x))->(@xP(x))
(A)->(@xP(x))->(@xP(x))->(@xP(x))
((@xP(x))->(@xP(x))->(@xP(x)))->((@xP(x))->((@xP(x))->(@xP(x)))->(@xP(x)))->(@xP(x))->(@xP(x))
(((@xP(x))->(@xP(x))->(@xP(x)))->((@xP(x))->((@xP(x))->(@xP(x)))->(@xP(x)))->(@xP(x))->(@xP(x)))->(A)->((@xP(x))->(@xP(x))->(@xP(x)))->((@xP(x))->((@xP(x))->(@xP(x)))->(@xP(x)))->(@xP(x))->(@xP(x))
(A)->((@xP(x))->(@xP(x))->(@xP(x)))->((@xP(x))->((@xP(x))->(@xP(x)))->(@xP(x)))->(@xP(x))->(@xP(x))
((A)->(@xP(x))->(@xP(x))->(@xP(x)))->((A)->((@xP(x))->(@xP(x))->(@xP(x)))->((@xP(x))->((@xP(x))->(@xP(x)))->(@xP(x)))->(@xP(x))->(@xP(x)))->(A)->((@xP(x))->((@xP(x))->(@xP(x)))->(@xP(x)))->(@xP(x))->(@xP(x))
((A)->((@xP(x))->(@xP(x))->(@xP(x)))->((@xP(x))->((@xP(x))->(@xP(x)))->(@xP(x)))->(@xP(x))->(@xP(x)))->(A)->((@xP(x))->((@xP(x))->(@xP(x)))->(@xP(x)))->(@xP(x))->(@xP(x))
(A)->((@xP(x))->((@xP(x))->(@xP(x)))->(@xP(x)))->(@xP(x))->(@xP(x))
((A)->(@xP(x))->((@xP(x))->(@xP(x)))->(@xP(x)))->((A)->((@xP(x))->((@xP(x))->(@xP(x)))->(@xP(x)))->(@xP(x))->(@xP(x)))->(A)->(@xP(x))->(@xP(x))
((A)->((@xP(x))->((@xP(x))->(@xP(x)))->(@xP(x)))->(@xP(x))->(@xP(x)))->(A)->(@xP(x))->(@xP(x))
(A)->(@xP(x))->(@xP(x))
(A)->(@xP(x))->(A)&(@xP(x))
((A)->(@xP(x))->(A)&(@xP(x)))->(A)->(A)->(@xP(x))->(A)&(@xP(x))
(A)->(A)->(@xP(x))->(A)&(@xP(x))
((A)->(@xP(x))->(A)&(@xP(x)))->(@xP(x))->(A)->(@xP(x))->(A)&(@xP(x))
(((A)->(@xP(x))->(A)&(@xP(x)))->(@xP(x))->(A)->(@xP(x))->(A)&(@xP(x)))->(A)->((A)->(@xP(x))->(A)&(@xP(x)))->(@xP(x))->(A)->(@xP(x))->(A)&(@xP(x))
(A)->((A)->(@xP(x))->(A)&(@xP(x)))->(@xP(x))->(A)->(@xP(x))->(A)&(@xP(x))
((A)->(A)->(@xP(x))->(A)&(@xP(x)))->((A)->((A)->(@xP(x))->(A)&(@xP(x)))->(@xP(x))->(A)->(@xP(x))->(A)&(@xP(x)))->(A)->(@xP(x))->(A)->(@xP(x))->(A)&(@xP(x))
((A)->((A)->(@xP(x))->(A)&(@xP(x)))->(@xP(x))->(A)->(@xP(x))->(A)&(@xP(x)))->(A)->(@xP(x))->(A)->(@xP(x))->(A)&(@xP(x))
(A)->(@xP(x))->(A)->(@xP(x))->(A)&(@xP(x))
((@xP(x))->(A))->((@xP(x))->(A)->(@xP(x))->(A)&(@xP(x)))->(@xP(x))->(@xP(x))->(A)&(@xP(x))
(((@xP(x))->(A))->((@xP(x))->(A)->(@xP(x))->(A)&(@xP(x)))->(@xP(x))->(@xP(x))->(A)&(@xP(x)))->(A)->((@xP(x))->(A))->((@xP(x))->(A)->(@xP(x))->(A)&(@xP(x)))->(@xP(x))->(@xP(x))->(A)&(@xP(x))
(A)->((@xP(x))->(A))->((@xP(x))->(A)->(@xP(x))->(A)&(@xP(x)))->(@xP(x))->(@xP(x))->(A)&(@xP(x))
((A)->(@xP(x))->(A))->((A)->((@xP(x))->(A))->((@xP(x))->(A)->(@xP(x))->(A)&(@xP(x)))->(@xP(x))->(@xP(x))->(A)&(@xP(x)))->(A)->((@xP(x))->(A)->(@xP(x))->(A)&(@xP(x)))->(@xP(x))->(@xP(x))->(A)&(@xP(x))
((A)->((@xP(x))->(A))->((@xP(x))->(A)->(@xP(x))->(A)&(@xP(x)))->(@xP(x))->(@xP(x))->(A)&(@xP(x)))->(A)->((@xP(x))->(A)->(@xP(x))->(A)&(@xP(x)))->(@xP(x))->(@xP(x))->(A)&(@xP(x))
(A)->((@xP(x))->(A)->(@xP(x))->(A)&(@xP(x)))->(@xP(x))->(@xP(x))->(A)&(@xP(x))
((A)->(@xP(x))->(A)->(@xP(x))->(A)&(@xP(x)))->((A)->((@xP(x))->(A)->(@xP(x))->(A)&(@xP(x)))->(@xP(x))->(@xP(x))->(A)&(@xP(x)))->(A)->(@xP(x))->(@xP(x))->(A)&(@xP(x))
((A)->((@xP(x))->(A)->(@xP(x))->(A)&(@xP(x)))->(@xP(x))->(@xP(x))->(A)&(@xP(x)))->(A)->(@xP(x))->(@xP(x))->(A)&(@xP(x))
(A)->(@xP(x))->(@xP(x))->(A)&(@xP(x))
((@xP(x))->(@xP(x)))->((@xP(x))->(@xP(x))->(A)&(@xP(x)))->(@xP(x))->(A)&(@xP(x))
(((@xP(x))->(@xP(x)))->((@xP(x))->(@xP(x))->(A)&(@xP(x)))->(@xP(x))->(A)&(@xP(x)))->(A)->((@xP(x))->(@xP(x)))->((@xP(x))->(@xP(x))->(A)&(@xP(x)))->(@xP(x))->(A)&(@xP(x))
(A)->((@xP(x))->(@xP(x)))->((@xP(x))->(@xP(x))->(A)&(@xP(x)))->(@xP(x))->(A)&(@xP(x))
((A)->(@xP(x))->(@xP(x)))->((A)->((@xP(x))->(@xP(x)))->((@xP(x))->(@xP(x))->(A)&(@xP(x)))->(@xP(x))->(A)&(@xP(x)))->(A)->((@xP(x))->(@xP(x))->(A)&(@xP(x)))->(@xP(x))->(A)&(@xP(x))
((A)->((@xP(x))->(@xP(x)))->((@xP(x))->(@xP(x))->(A)&(@xP(x)))->(@xP(x))->(A)&(@xP(x)))->(A)->((@xP(x))->(@xP(x))->(A)&(@xP(x)))->(@xP(x))->(A)&(@xP(x))
(A)->((@xP(x))->(@xP(x))->(A)&(@xP(x)))->(@xP(x))->(A)&(@xP(x))
((A)->(A))->((A)->(A)->(@xP(x))->(A)&(@xP(x)))->(A)->(@xP(x))->(A)&(@xP(x))
((A)->(A)->(@xP(x))->(A)&(@xP(x)))->(A)->(@xP(x))->(A)&(@xP(x))
(A)->(@xP(x))->(A)&(@xP(x))
((A)&(@xP(x))->(@xP(x)))->(A)->(A)&(@xP(x))->(@xP(x))
(A)->(A)&(@xP(x))->(@xP(x))
((A)&(@xP(x))->(@xP(x)))->(@xP(x))->(A)&(@xP(x))->(@xP(x))
(((A)&(@xP(x))->(@xP(x)))->(@xP(x))->(A)&(@xP(x))->(@xP(x)))->(A)->((A)&(@xP(x))->(@xP(x)))->(@xP(x))->(A)&(@xP(x))->(@xP(x))
(A)->((A)&(@xP(x))->(@xP(x)))->(@xP(x))->(A)&(@xP(x))->(@xP(x))
((A)->(A)&(@xP(x))->(@xP(x)))->((A)->((A)&(@xP(x))->(@xP(x)))->(@xP(x))->(A)&(@xP(x))->(@xP(x)))->(A)->(@xP(x))->(A)&(@xP(x))->(@xP(x))
((A)->((A)&(@xP(x))->(@xP(x)))->(@xP(x))->(A)&(@xP(x))->(@xP(x)))->(A)->(@xP(x))->(A)&(@xP(x))->(@xP(x))
(A)->(@xP(x))->(A)&(@xP(x))->(@xP(x))
((@xP(x))->(A)&(@xP(x)))->((@xP(x))->(A)&(@xP(x))->(@xP(x)))->(@xP(x))->(@xP(x))
(((@xP(x))->(A)&(@xP(x)))->((@xP(x))->(A)&(@xP(x))->(@xP(x)))->(@xP(x))->(@xP(x)))->(A)->((@xP(x))->(A)&(@xP(x)))->((@xP(x))->(A)&(@xP(x))->(@xP(x)))->(@xP(x))->(@xP(x))
(A)->((@xP(x))->(A)&(@xP(x)))->((@xP(x))->(A)&(@xP(x))->(@xP(x)))->(@xP(x))->(@xP(x))
((A)->(@xP(x))->(A)&(@xP(x)))->((A)->((@xP(x))->(A)&(@xP(x)))->((@xP(x))->(A)&(@xP(x))->(@xP(x)))->(@xP(x))->(@xP(x)))->(A)->((@xP(x))->(A)&(@xP(x))->(@xP(x)))->(@xP(x))->(@xP(x))
((A)->((@xP(x))->(A)&(@xP(x)))->((@xP(x))->(A)&(@xP(x))->(@xP(x)))->(@xP(x))->(@xP(x)))->(A)->((@xP(x))->(A)&(@xP(x))->(@xP(x)))->(@xP(x))->(@xP(x))
(A)->((@xP(x))->(A)&(@xP(x))->(@xP(x)))->(@xP(x))->(@xP(x))
((A)->(@xP(x))->(A)&(@xP(x))->(@xP(x)))->((A)->((@xP(x))->(A)&(@xP(x))->(@xP(x)))->(@xP(x))->(@xP(x)))->(A)->(@xP(x))->(@xP(x))
((A)->((@xP(x))->(A)&(@xP(x))->(@xP(x)))->(@xP(x))->(@xP(x)))->(A)->(@xP(x))->(@xP(x))
(A)->(@xP(x))->(@xP(x))
it was FirstNewRule
