P(a)|-(R->@xP(a))
P(a)
P(a)->(R->P(a))
R->P(a)
(A->(A->A))
(A->(A->A))->(R->(A->(A->A)))
R->(A->(A->A))
(P(a)->((A->(A->A))->P(a)))
(P(a)->((A->(A->A))->P(a)))->(R->(P(a)->((A->(A->A))->P(a))))
R->(P(a)->((A->(A->A))->P(a)))
(R->P(a))->((R->(P(a)->((A->(A->A))->P(a))))->(R->((A->(A->A))->P(a))))
P(a)
P(a)->(R->P(a))
R->P(a)
((R->(P(a)->((A->(A->A))->P(a))))->(R->((A->(A->A))->P(a))))
(P(a)->((A->(A->A))->P(a)))
(P(a)->((A->(A->A))->P(a)))->(R->(P(a)->((A->(A->A))->P(a))))
R->(P(a)->((A->(A->A))->P(a)))
R->((A->(A->A))->P(a))
(R->P(a))->((R->(P(a)->((A->(A->A))->P(a))))->(R->((A->(A->A))->P(a))))
P(a)
P(a)->(R->P(a))
R->P(a)
((R->(P(a)->((A->(A->A))->P(a))))->(R->((A->(A->A))->P(a))))
(P(a)->((A->(A->A))->P(a)))
(P(a)->((A->(A->A))->P(a)))->(R->(P(a)->((A->(A->A))->P(a))))
R->(P(a)->((A->(A->A))->P(a)))
R->((A->(A->A))->P(a))
(R)->((A->(A->A)))->(P(a))
(R)&((A->(A->A)))->((R)&((A->(A->A)))->(R)&((A->(A->A))))->(R)&((A->(A->A)))
(R)&((A->(A->A)))->(R)&((A->(A->A)))->(R)&((A->(A->A)))
((R)&((A->(A->A)))->(R)&((A->(A->A)))->(R)&((A->(A->A))))->((R)&((A->(A->A)))->((R)&((A->(A->A)))->(R)&((A->(A->A))))->(R)&((A->(A->A))))->(R)&((A->(A->A)))->(R)&((A->(A->A)))
((R)&((A->(A->A)))->((R)&((A->(A->A)))->(R)&((A->(A->A))))->(R)&((A->(A->A))))->(R)&((A->(A->A)))->(R)&((A->(A->A)))
(R)&((A->(A->A)))->(R)&((A->(A->A)))
(R)&((A->(A->A)))->(R)
((R)&((A->(A->A)))->(R))->(R)&((A->(A->A)))->(R)&((A->(A->A)))->(R)
(R)&((A->(A->A)))->(R)&((A->(A->A)))->(R)
(R)&((A->(A->A)))->((A->(A->A)))
((R)&((A->(A->A)))->((A->(A->A))))->(R)&((A->(A->A)))->(R)&((A->(A->A)))->((A->(A->A)))
(R)&((A->(A->A)))->(R)&((A->(A->A)))->((A->(A->A)))
((R)&((A->(A->A)))->(R)&((A->(A->A))))->((R)&((A->(A->A)))->(R)&((A->(A->A)))->(R))->(R)&((A->(A->A)))->(R)
((R)&((A->(A->A)))->(R)&((A->(A->A)))->(R))->(R)&((A->(A->A)))->(R)
(R)&((A->(A->A)))->(R)
((R)&((A->(A->A)))->(R)&((A->(A->A))))->((R)&((A->(A->A)))->(R)&((A->(A->A)))->((A->(A->A))))->(R)&((A->(A->A)))->((A->(A->A)))
((R)&((A->(A->A)))->(R)&((A->(A->A)))->((A->(A->A))))->(R)&((A->(A->A)))->((A->(A->A)))
(R)&((A->(A->A)))->((A->(A->A)))
((R)->((A->(A->A)))->(P(a)))->(R)&((A->(A->A)))->(R)->((A->(A->A)))->(P(a))
(R)&((A->(A->A)))->(R)->((A->(A->A)))->(P(a))
((R)&((A->(A->A)))->(R))->((R)&((A->(A->A)))->(R)->((A->(A->A)))->(P(a)))->(R)&((A->(A->A)))->((A->(A->A)))->(P(a))
((R)&((A->(A->A)))->(R)->((A->(A->A)))->(P(a)))->(R)&((A->(A->A)))->((A->(A->A)))->(P(a))
(R)&((A->(A->A)))->((A->(A->A)))->(P(a))
((R)&((A->(A->A)))->((A->(A->A))))->((R)&((A->(A->A)))->((A->(A->A)))->(P(a)))->(R)&((A->(A->A)))->(P(a))
((R)&((A->(A->A)))->((A->(A->A)))->(P(a)))->(R)&((A->(A->A)))->(P(a))
(R)&((A->(A->A)))->(P(a))
(R)&((A->(A->A)))->(@xP(a))
(R)->((R)->(R))->(R)
(R)->(R)->(R)
((R)->(R)->(R))->((R)->((R)->(R))->(R))->(R)->(R)
((R)->((R)->(R))->(R))->(R)->(R)
(R)->(R)
(R)->((A->(A->A)))->(R)
((R)->((A->(A->A)))->(R))->(R)->(R)->((A->(A->A)))->(R)
(R)->(R)->((A->(A->A)))->(R)
((R)->(R))->((R)->(R)->((A->(A->A)))->(R))->(R)->((A->(A->A)))->(R)
((R)->(R)->((A->(A->A)))->(R))->(R)->((A->(A->A)))->(R)
(R)->((A->(A->A)))->(R)
((A->(A->A)))->(((A->(A->A)))->((A->(A->A))))->((A->(A->A)))
(((A->(A->A)))->(((A->(A->A)))->((A->(A->A))))->((A->(A->A))))->(R)->((A->(A->A)))->(((A->(A->A)))->((A->(A->A))))->((A->(A->A)))
(R)->((A->(A->A)))->(((A->(A->A)))->((A->(A->A))))->((A->(A->A)))
((A->(A->A)))->((A->(A->A)))->((A->(A->A)))
(((A->(A->A)))->((A->(A->A)))->((A->(A->A))))->(R)->((A->(A->A)))->((A->(A->A)))->((A->(A->A)))
(R)->((A->(A->A)))->((A->(A->A)))->((A->(A->A)))
(((A->(A->A)))->((A->(A->A)))->((A->(A->A))))->(((A->(A->A)))->(((A->(A->A)))->((A->(A->A))))->((A->(A->A))))->((A->(A->A)))->((A->(A->A)))
((((A->(A->A)))->((A->(A->A)))->((A->(A->A))))->(((A->(A->A)))->(((A->(A->A)))->((A->(A->A))))->((A->(A->A))))->((A->(A->A)))->((A->(A->A))))->(R)->(((A->(A->A)))->((A->(A->A)))->((A->(A->A))))->(((A->(A->A)))->(((A->(A->A)))->((A->(A->A))))->((A->(A->A))))->((A->(A->A)))->((A->(A->A)))
(R)->(((A->(A->A)))->((A->(A->A)))->((A->(A->A))))->(((A->(A->A)))->(((A->(A->A)))->((A->(A->A))))->((A->(A->A))))->((A->(A->A)))->((A->(A->A)))
((R)->((A->(A->A)))->((A->(A->A)))->((A->(A->A))))->((R)->(((A->(A->A)))->((A->(A->A)))->((A->(A->A))))->(((A->(A->A)))->(((A->(A->A)))->((A->(A->A))))->((A->(A->A))))->((A->(A->A)))->((A->(A->A))))->(R)->(((A->(A->A)))->(((A->(A->A)))->((A->(A->A))))->((A->(A->A))))->((A->(A->A)))->((A->(A->A)))
((R)->(((A->(A->A)))->((A->(A->A)))->((A->(A->A))))->(((A->(A->A)))->(((A->(A->A)))->((A->(A->A))))->((A->(A->A))))->((A->(A->A)))->((A->(A->A))))->(R)->(((A->(A->A)))->(((A->(A->A)))->((A->(A->A))))->((A->(A->A))))->((A->(A->A)))->((A->(A->A)))
(R)->(((A->(A->A)))->(((A->(A->A)))->((A->(A->A))))->((A->(A->A))))->((A->(A->A)))->((A->(A->A)))
((R)->((A->(A->A)))->(((A->(A->A)))->((A->(A->A))))->((A->(A->A))))->((R)->(((A->(A->A)))->(((A->(A->A)))->((A->(A->A))))->((A->(A->A))))->((A->(A->A)))->((A->(A->A))))->(R)->((A->(A->A)))->((A->(A->A)))
((R)->(((A->(A->A)))->(((A->(A->A)))->((A->(A->A))))->((A->(A->A))))->((A->(A->A)))->((A->(A->A))))->(R)->((A->(A->A)))->((A->(A->A)))
(R)->((A->(A->A)))->((A->(A->A)))
(R)->((A->(A->A)))->(R)&((A->(A->A)))
((R)->((A->(A->A)))->(R)&((A->(A->A))))->(R)->(R)->((A->(A->A)))->(R)&((A->(A->A)))
(R)->(R)->((A->(A->A)))->(R)&((A->(A->A)))
((R)->((A->(A->A)))->(R)&((A->(A->A))))->((A->(A->A)))->(R)->((A->(A->A)))->(R)&((A->(A->A)))
(((R)->((A->(A->A)))->(R)&((A->(A->A))))->((A->(A->A)))->(R)->((A->(A->A)))->(R)&((A->(A->A))))->(R)->((R)->((A->(A->A)))->(R)&((A->(A->A))))->((A->(A->A)))->(R)->((A->(A->A)))->(R)&((A->(A->A)))
(R)->((R)->((A->(A->A)))->(R)&((A->(A->A))))->((A->(A->A)))->(R)->((A->(A->A)))->(R)&((A->(A->A)))
((R)->(R)->((A->(A->A)))->(R)&((A->(A->A))))->((R)->((R)->((A->(A->A)))->(R)&((A->(A->A))))->((A->(A->A)))->(R)->((A->(A->A)))->(R)&((A->(A->A))))->(R)->((A->(A->A)))->(R)->((A->(A->A)))->(R)&((A->(A->A)))
((R)->((R)->((A->(A->A)))->(R)&((A->(A->A))))->((A->(A->A)))->(R)->((A->(A->A)))->(R)&((A->(A->A))))->(R)->((A->(A->A)))->(R)->((A->(A->A)))->(R)&((A->(A->A)))
(R)->((A->(A->A)))->(R)->((A->(A->A)))->(R)&((A->(A->A)))
(((A->(A->A)))->(R))->(((A->(A->A)))->(R)->((A->(A->A)))->(R)&((A->(A->A))))->((A->(A->A)))->((A->(A->A)))->(R)&((A->(A->A)))
((((A->(A->A)))->(R))->(((A->(A->A)))->(R)->((A->(A->A)))->(R)&((A->(A->A))))->((A->(A->A)))->((A->(A->A)))->(R)&((A->(A->A))))->(R)->(((A->(A->A)))->(R))->(((A->(A->A)))->(R)->((A->(A->A)))->(R)&((A->(A->A))))->((A->(A->A)))->((A->(A->A)))->(R)&((A->(A->A)))
(R)->(((A->(A->A)))->(R))->(((A->(A->A)))->(R)->((A->(A->A)))->(R)&((A->(A->A))))->((A->(A->A)))->((A->(A->A)))->(R)&((A->(A->A)))
((R)->((A->(A->A)))->(R))->((R)->(((A->(A->A)))->(R))->(((A->(A->A)))->(R)->((A->(A->A)))->(R)&((A->(A->A))))->((A->(A->A)))->((A->(A->A)))->(R)&((A->(A->A))))->(R)->(((A->(A->A)))->(R)->((A->(A->A)))->(R)&((A->(A->A))))->((A->(A->A)))->((A->(A->A)))->(R)&((A->(A->A)))
((R)->(((A->(A->A)))->(R))->(((A->(A->A)))->(R)->((A->(A->A)))->(R)&((A->(A->A))))->((A->(A->A)))->((A->(A->A)))->(R)&((A->(A->A))))->(R)->(((A->(A->A)))->(R)->((A->(A->A)))->(R)&((A->(A->A))))->((A->(A->A)))->((A->(A->A)))->(R)&((A->(A->A)))
(R)->(((A->(A->A)))->(R)->((A->(A->A)))->(R)&((A->(A->A))))->((A->(A->A)))->((A->(A->A)))->(R)&((A->(A->A)))
((R)->((A->(A->A)))->(R)->((A->(A->A)))->(R)&((A->(A->A))))->((R)->(((A->(A->A)))->(R)->((A->(A->A)))->(R)&((A->(A->A))))->((A->(A->A)))->((A->(A->A)))->(R)&((A->(A->A))))->(R)->((A->(A->A)))->((A->(A->A)))->(R)&((A->(A->A)))
((R)->(((A->(A->A)))->(R)->((A->(A->A)))->(R)&((A->(A->A))))->((A->(A->A)))->((A->(A->A)))->(R)&((A->(A->A))))->(R)->((A->(A->A)))->((A->(A->A)))->(R)&((A->(A->A)))
(R)->((A->(A->A)))->((A->(A->A)))->(R)&((A->(A->A)))
(((A->(A->A)))->((A->(A->A))))->(((A->(A->A)))->((A->(A->A)))->(R)&((A->(A->A))))->((A->(A->A)))->(R)&((A->(A->A)))
((((A->(A->A)))->((A->(A->A))))->(((A->(A->A)))->((A->(A->A)))->(R)&((A->(A->A))))->((A->(A->A)))->(R)&((A->(A->A))))->(R)->(((A->(A->A)))->((A->(A->A))))->(((A->(A->A)))->((A->(A->A)))->(R)&((A->(A->A))))->((A->(A->A)))->(R)&((A->(A->A)))
(R)->(((A->(A->A)))->((A->(A->A))))->(((A->(A->A)))->((A->(A->A)))->(R)&((A->(A->A))))->((A->(A->A)))->(R)&((A->(A->A)))
((R)->((A->(A->A)))->((A->(A->A))))->((R)->(((A->(A->A)))->((A->(A->A))))->(((A->(A->A)))->((A->(A->A)))->(R)&((A->(A->A))))->((A->(A->A)))->(R)&((A->(A->A))))->(R)->(((A->(A->A)))->((A->(A->A)))->(R)&((A->(A->A))))->((A->(A->A)))->(R)&((A->(A->A)))
((R)->(((A->(A->A)))->((A->(A->A))))->(((A->(A->A)))->((A->(A->A)))->(R)&((A->(A->A))))->((A->(A->A)))->(R)&((A->(A->A))))->(R)->(((A->(A->A)))->((A->(A->A)))->(R)&((A->(A->A))))->((A->(A->A)))->(R)&((A->(A->A)))
(R)->(((A->(A->A)))->((A->(A->A)))->(R)&((A->(A->A))))->((A->(A->A)))->(R)&((A->(A->A)))
((R)->(R))->((R)->(R)->((A->(A->A)))->(R)&((A->(A->A))))->(R)->((A->(A->A)))->(R)&((A->(A->A)))
((R)->(R)->((A->(A->A)))->(R)&((A->(A->A))))->(R)->((A->(A->A)))->(R)&((A->(A->A)))
(R)->((A->(A->A)))->(R)&((A->(A->A)))
((R)&((A->(A->A)))->(@xP(a)))->(R)->(R)&((A->(A->A)))->(@xP(a))
(R)->(R)&((A->(A->A)))->(@xP(a))
((R)&((A->(A->A)))->(@xP(a)))->((A->(A->A)))->(R)&((A->(A->A)))->(@xP(a))
(((R)&((A->(A->A)))->(@xP(a)))->((A->(A->A)))->(R)&((A->(A->A)))->(@xP(a)))->(R)->((R)&((A->(A->A)))->(@xP(a)))->((A->(A->A)))->(R)&((A->(A->A)))->(@xP(a))
(R)->((R)&((A->(A->A)))->(@xP(a)))->((A->(A->A)))->(R)&((A->(A->A)))->(@xP(a))
((R)->(R)&((A->(A->A)))->(@xP(a)))->((R)->((R)&((A->(A->A)))->(@xP(a)))->((A->(A->A)))->(R)&((A->(A->A)))->(@xP(a)))->(R)->((A->(A->A)))->(R)&((A->(A->A)))->(@xP(a))
((R)->((R)&((A->(A->A)))->(@xP(a)))->((A->(A->A)))->(R)&((A->(A->A)))->(@xP(a)))->(R)->((A->(A->A)))->(R)&((A->(A->A)))->(@xP(a))
(R)->((A->(A->A)))->(R)&((A->(A->A)))->(@xP(a))
(((A->(A->A)))->(R)&((A->(A->A))))->(((A->(A->A)))->(R)&((A->(A->A)))->(@xP(a)))->((A->(A->A)))->(@xP(a))
((((A->(A->A)))->(R)&((A->(A->A))))->(((A->(A->A)))->(R)&((A->(A->A)))->(@xP(a)))->((A->(A->A)))->(@xP(a)))->(R)->(((A->(A->A)))->(R)&((A->(A->A))))->(((A->(A->A)))->(R)&((A->(A->A)))->(@xP(a)))->((A->(A->A)))->(@xP(a))
(R)->(((A->(A->A)))->(R)&((A->(A->A))))->(((A->(A->A)))->(R)&((A->(A->A)))->(@xP(a)))->((A->(A->A)))->(@xP(a))
((R)->((A->(A->A)))->(R)&((A->(A->A))))->((R)->(((A->(A->A)))->(R)&((A->(A->A))))->(((A->(A->A)))->(R)&((A->(A->A)))->(@xP(a)))->((A->(A->A)))->(@xP(a)))->(R)->(((A->(A->A)))->(R)&((A->(A->A)))->(@xP(a)))->((A->(A->A)))->(@xP(a))
((R)->(((A->(A->A)))->(R)&((A->(A->A))))->(((A->(A->A)))->(R)&((A->(A->A)))->(@xP(a)))->((A->(A->A)))->(@xP(a)))->(R)->(((A->(A->A)))->(R)&((A->(A->A)))->(@xP(a)))->((A->(A->A)))->(@xP(a))
(R)->(((A->(A->A)))->(R)&((A->(A->A)))->(@xP(a)))->((A->(A->A)))->(@xP(a))
((R)->((A->(A->A)))->(R)&((A->(A->A)))->(@xP(a)))->((R)->(((A->(A->A)))->(R)&((A->(A->A)))->(@xP(a)))->((A->(A->A)))->(@xP(a)))->(R)->((A->(A->A)))->(@xP(a))
((R)->(((A->(A->A)))->(R)&((A->(A->A)))->(@xP(a)))->((A->(A->A)))->(@xP(a)))->(R)->((A->(A->A)))->(@xP(a))
(R)->((A->(A->A)))->(@xP(a))
(R->(A->(A->A)))->((R->((A->(A->A))->@xP(a)))->(R->@xP(a)))
(A->(A->A))
(A->(A->A))->(R->(A->(A->A)))
R->(A->(A->A))
((R->((A->(A->A))->@xP(a)))->(R->@xP(a)))
(R->P(a))->((R->(P(a)->((A->(A->A))->P(a))))->(R->((A->(A->A))->P(a))))
P(a)
P(a)->(R->P(a))
R->P(a)
((R->(P(a)->((A->(A->A))->P(a))))->(R->((A->(A->A))->P(a))))
(P(a)->((A->(A->A))->P(a)))
(P(a)->((A->(A->A))->P(a)))->(R->(P(a)->((A->(A->A))->P(a))))
R->(P(a)->((A->(A->A))->P(a)))
R->((A->(A->A))->P(a))
(R)->((A->(A->A)))->(P(a))
(R)&((A->(A->A)))->((R)&((A->(A->A)))->(R)&((A->(A->A))))->(R)&((A->(A->A)))
(R)&((A->(A->A)))->(R)&((A->(A->A)))->(R)&((A->(A->A)))
((R)&((A->(A->A)))->(R)&((A->(A->A)))->(R)&((A->(A->A))))->((R)&((A->(A->A)))->((R)&((A->(A->A)))->(R)&((A->(A->A))))->(R)&((A->(A->A))))->(R)&((A->(A->A)))->(R)&((A->(A->A)))
((R)&((A->(A->A)))->((R)&((A->(A->A)))->(R)&((A->(A->A))))->(R)&((A->(A->A))))->(R)&((A->(A->A)))->(R)&((A->(A->A)))
(R)&((A->(A->A)))->(R)&((A->(A->A)))
(R)&((A->(A->A)))->(R)
((R)&((A->(A->A)))->(R))->(R)&((A->(A->A)))->(R)&((A->(A->A)))->(R)
(R)&((A->(A->A)))->(R)&((A->(A->A)))->(R)
(R)&((A->(A->A)))->((A->(A->A)))
((R)&((A->(A->A)))->((A->(A->A))))->(R)&((A->(A->A)))->(R)&((A->(A->A)))->((A->(A->A)))
(R)&((A->(A->A)))->(R)&((A->(A->A)))->((A->(A->A)))
((R)&((A->(A->A)))->(R)&((A->(A->A))))->((R)&((A->(A->A)))->(R)&((A->(A->A)))->(R))->(R)&((A->(A->A)))->(R)
((R)&((A->(A->A)))->(R)&((A->(A->A)))->(R))->(R)&((A->(A->A)))->(R)
(R)&((A->(A->A)))->(R)
((R)&((A->(A->A)))->(R)&((A->(A->A))))->((R)&((A->(A->A)))->(R)&((A->(A->A)))->((A->(A->A))))->(R)&((A->(A->A)))->((A->(A->A)))
((R)&((A->(A->A)))->(R)&((A->(A->A)))->((A->(A->A))))->(R)&((A->(A->A)))->((A->(A->A)))
(R)&((A->(A->A)))->((A->(A->A)))
((R)->((A->(A->A)))->(P(a)))->(R)&((A->(A->A)))->(R)->((A->(A->A)))->(P(a))
(R)&((A->(A->A)))->(R)->((A->(A->A)))->(P(a))
((R)&((A->(A->A)))->(R))->((R)&((A->(A->A)))->(R)->((A->(A->A)))->(P(a)))->(R)&((A->(A->A)))->((A->(A->A)))->(P(a))
((R)&((A->(A->A)))->(R)->((A->(A->A)))->(P(a)))->(R)&((A->(A->A)))->((A->(A->A)))->(P(a))
(R)&((A->(A->A)))->((A->(A->A)))->(P(a))
((R)&((A->(A->A)))->((A->(A->A))))->((R)&((A->(A->A)))->((A->(A->A)))->(P(a)))->(R)&((A->(A->A)))->(P(a))
((R)&((A->(A->A)))->((A->(A->A)))->(P(a)))->(R)&((A->(A->A)))->(P(a))
(R)&((A->(A->A)))->(P(a))
(R)&((A->(A->A)))->(@xP(a))
(R)->((R)->(R))->(R)
(R)->(R)->(R)
((R)->(R)->(R))->((R)->((R)->(R))->(R))->(R)->(R)
((R)->((R)->(R))->(R))->(R)->(R)
(R)->(R)
(R)->((A->(A->A)))->(R)
((R)->((A->(A->A)))->(R))->(R)->(R)->((A->(A->A)))->(R)
(R)->(R)->((A->(A->A)))->(R)
((R)->(R))->((R)->(R)->((A->(A->A)))->(R))->(R)->((A->(A->A)))->(R)
((R)->(R)->((A->(A->A)))->(R))->(R)->((A->(A->A)))->(R)
(R)->((A->(A->A)))->(R)
((A->(A->A)))->(((A->(A->A)))->((A->(A->A))))->((A->(A->A)))
(((A->(A->A)))->(((A->(A->A)))->((A->(A->A))))->((A->(A->A))))->(R)->((A->(A->A)))->(((A->(A->A)))->((A->(A->A))))->((A->(A->A)))
(R)->((A->(A->A)))->(((A->(A->A)))->((A->(A->A))))->((A->(A->A)))
((A->(A->A)))->((A->(A->A)))->((A->(A->A)))
(((A->(A->A)))->((A->(A->A)))->((A->(A->A))))->(R)->((A->(A->A)))->((A->(A->A)))->((A->(A->A)))
(R)->((A->(A->A)))->((A->(A->A)))->((A->(A->A)))
(((A->(A->A)))->((A->(A->A)))->((A->(A->A))))->(((A->(A->A)))->(((A->(A->A)))->((A->(A->A))))->((A->(A->A))))->((A->(A->A)))->((A->(A->A)))
((((A->(A->A)))->((A->(A->A)))->((A->(A->A))))->(((A->(A->A)))->(((A->(A->A)))->((A->(A->A))))->((A->(A->A))))->((A->(A->A)))->((A->(A->A))))->(R)->(((A->(A->A)))->((A->(A->A)))->((A->(A->A))))->(((A->(A->A)))->(((A->(A->A)))->((A->(A->A))))->((A->(A->A))))->((A->(A->A)))->((A->(A->A)))
(R)->(((A->(A->A)))->((A->(A->A)))->((A->(A->A))))->(((A->(A->A)))->(((A->(A->A)))->((A->(A->A))))->((A->(A->A))))->((A->(A->A)))->((A->(A->A)))
((R)->((A->(A->A)))->((A->(A->A)))->((A->(A->A))))->((R)->(((A->(A->A)))->((A->(A->A)))->((A->(A->A))))->(((A->(A->A)))->(((A->(A->A)))->((A->(A->A))))->((A->(A->A))))->((A->(A->A)))->((A->(A->A))))->(R)->(((A->(A->A)))->(((A->(A->A)))->((A->(A->A))))->((A->(A->A))))->((A->(A->A)))->((A->(A->A)))
((R)->(((A->(A->A)))->((A->(A->A)))->((A->(A->A))))->(((A->(A->A)))->(((A->(A->A)))->((A->(A->A))))->((A->(A->A))))->((A->(A->A)))->((A->(A->A))))->(R)->(((A->(A->A)))->(((A->(A->A)))->((A->(A->A))))->((A->(A->A))))->((A->(A->A)))->((A->(A->A)))
(R)->(((A->(A->A)))->(((A->(A->A)))->((A->(A->A))))->((A->(A->A))))->((A->(A->A)))->((A->(A->A)))
((R)->((A->(A->A)))->(((A->(A->A)))->((A->(A->A))))->((A->(A->A))))->((R)->(((A->(A->A)))->(((A->(A->A)))->((A->(A->A))))->((A->(A->A))))->((A->(A->A)))->((A->(A->A))))->(R)->((A->(A->A)))->((A->(A->A)))
((R)->(((A->(A->A)))->(((A->(A->A)))->((A->(A->A))))->((A->(A->A))))->((A->(A->A)))->((A->(A->A))))->(R)->((A->(A->A)))->((A->(A->A)))
(R)->((A->(A->A)))->((A->(A->A)))
(R)->((A->(A->A)))->(R)&((A->(A->A)))
((R)->((A->(A->A)))->(R)&((A->(A->A))))->(R)->(R)->((A->(A->A)))->(R)&((A->(A->A)))
(R)->(R)->((A->(A->A)))->(R)&((A->(A->A)))
((R)->((A->(A->A)))->(R)&((A->(A->A))))->((A->(A->A)))->(R)->((A->(A->A)))->(R)&((A->(A->A)))
(((R)->((A->(A->A)))->(R)&((A->(A->A))))->((A->(A->A)))->(R)->((A->(A->A)))->(R)&((A->(A->A))))->(R)->((R)->((A->(A->A)))->(R)&((A->(A->A))))->((A->(A->A)))->(R)->((A->(A->A)))->(R)&((A->(A->A)))
(R)->((R)->((A->(A->A)))->(R)&((A->(A->A))))->((A->(A->A)))->(R)->((A->(A->A)))->(R)&((A->(A->A)))
((R)->(R)->((A->(A->A)))->(R)&((A->(A->A))))->((R)->((R)->((A->(A->A)))->(R)&((A->(A->A))))->((A->(A->A)))->(R)->((A->(A->A)))->(R)&((A->(A->A))))->(R)->((A->(A->A)))->(R)->((A->(A->A)))->(R)&((A->(A->A)))
((R)->((R)->((A->(A->A)))->(R)&((A->(A->A))))->((A->(A->A)))->(R)->((A->(A->A)))->(R)&((A->(A->A))))->(R)->((A->(A->A)))->(R)->((A->(A->A)))->(R)&((A->(A->A)))
(R)->((A->(A->A)))->(R)->((A->(A->A)))->(R)&((A->(A->A)))
(((A->(A->A)))->(R))->(((A->(A->A)))->(R)->((A->(A->A)))->(R)&((A->(A->A))))->((A->(A->A)))->((A->(A->A)))->(R)&((A->(A->A)))
((((A->(A->A)))->(R))->(((A->(A->A)))->(R)->((A->(A->A)))->(R)&((A->(A->A))))->((A->(A->A)))->((A->(A->A)))->(R)&((A->(A->A))))->(R)->(((A->(A->A)))->(R))->(((A->(A->A)))->(R)->((A->(A->A)))->(R)&((A->(A->A))))->((A->(A->A)))->((A->(A->A)))->(R)&((A->(A->A)))
(R)->(((A->(A->A)))->(R))->(((A->(A->A)))->(R)->((A->(A->A)))->(R)&((A->(A->A))))->((A->(A->A)))->((A->(A->A)))->(R)&((A->(A->A)))
((R)->((A->(A->A)))->(R))->((R)->(((A->(A->A)))->(R))->(((A->(A->A)))->(R)->((A->(A->A)))->(R)&((A->(A->A))))->((A->(A->A)))->((A->(A->A)))->(R)&((A->(A->A))))->(R)->(((A->(A->A)))->(R)->((A->(A->A)))->(R)&((A->(A->A))))->((A->(A->A)))->((A->(A->A)))->(R)&((A->(A->A)))
((R)->(((A->(A->A)))->(R))->(((A->(A->A)))->(R)->((A->(A->A)))->(R)&((A->(A->A))))->((A->(A->A)))->((A->(A->A)))->(R)&((A->(A->A))))->(R)->(((A->(A->A)))->(R)->((A->(A->A)))->(R)&((A->(A->A))))->((A->(A->A)))->((A->(A->A)))->(R)&((A->(A->A)))
(R)->(((A->(A->A)))->(R)->((A->(A->A)))->(R)&((A->(A->A))))->((A->(A->A)))->((A->(A->A)))->(R)&((A->(A->A)))
((R)->((A->(A->A)))->(R)->((A->(A->A)))->(R)&((A->(A->A))))->((R)->(((A->(A->A)))->(R)->((A->(A->A)))->(R)&((A->(A->A))))->((A->(A->A)))->((A->(A->A)))->(R)&((A->(A->A))))->(R)->((A->(A->A)))->((A->(A->A)))->(R)&((A->(A->A)))
((R)->(((A->(A->A)))->(R)->((A->(A->A)))->(R)&((A->(A->A))))->((A->(A->A)))->((A->(A->A)))->(R)&((A->(A->A))))->(R)->((A->(A->A)))->((A->(A->A)))->(R)&((A->(A->A)))
(R)->((A->(A->A)))->((A->(A->A)))->(R)&((A->(A->A)))
(((A->(A->A)))->((A->(A->A))))->(((A->(A->A)))->((A->(A->A)))->(R)&((A->(A->A))))->((A->(A->A)))->(R)&((A->(A->A)))
((((A->(A->A)))->((A->(A->A))))->(((A->(A->A)))->((A->(A->A)))->(R)&((A->(A->A))))->((A->(A->A)))->(R)&((A->(A->A))))->(R)->(((A->(A->A)))->((A->(A->A))))->(((A->(A->A)))->((A->(A->A)))->(R)&((A->(A->A))))->((A->(A->A)))->(R)&((A->(A->A)))
(R)->(((A->(A->A)))->((A->(A->A))))->(((A->(A->A)))->((A->(A->A)))->(R)&((A->(A->A))))->((A->(A->A)))->(R)&((A->(A->A)))
((R)->((A->(A->A)))->((A->(A->A))))->((R)->(((A->(A->A)))->((A->(A->A))))->(((A->(A->A)))->((A->(A->A)))->(R)&((A->(A->A))))->((A->(A->A)))->(R)&((A->(A->A))))->(R)->(((A->(A->A)))->((A->(A->A)))->(R)&((A->(A->A))))->((A->(A->A)))->(R)&((A->(A->A)))
((R)->(((A->(A->A)))->((A->(A->A))))->(((A->(A->A)))->((A->(A->A)))->(R)&((A->(A->A))))->((A->(A->A)))->(R)&((A->(A->A))))->(R)->(((A->(A->A)))->((A->(A->A)))->(R)&((A->(A->A))))->((A->(A->A)))->(R)&((A->(A->A)))
(R)->(((A->(A->A)))->((A->(A->A)))->(R)&((A->(A->A))))->((A->(A->A)))->(R)&((A->(A->A)))
((R)->(R))->((R)->(R)->((A->(A->A)))->(R)&((A->(A->A))))->(R)->((A->(A->A)))->(R)&((A->(A->A)))
((R)->(R)->((A->(A->A)))->(R)&((A->(A->A))))->(R)->((A->(A->A)))->(R)&((A->(A->A)))
(R)->((A->(A->A)))->(R)&((A->(A->A)))
((R)&((A->(A->A)))->(@xP(a)))->(R)->(R)&((A->(A->A)))->(@xP(a))
(R)->(R)&((A->(A->A)))->(@xP(a))
((R)&((A->(A->A)))->(@xP(a)))->((A->(A->A)))->(R)&((A->(A->A)))->(@xP(a))
(((R)&((A->(A->A)))->(@xP(a)))->((A->(A->A)))->(R)&((A->(A->A)))->(@xP(a)))->(R)->((R)&((A->(A->A)))->(@xP(a)))->((A->(A->A)))->(R)&((A->(A->A)))->(@xP(a))
(R)->((R)&((A->(A->A)))->(@xP(a)))->((A->(A->A)))->(R)&((A->(A->A)))->(@xP(a))
((R)->(R)&((A->(A->A)))->(@xP(a)))->((R)->((R)&((A->(A->A)))->(@xP(a)))->((A->(A->A)))->(R)&((A->(A->A)))->(@xP(a)))->(R)->((A->(A->A)))->(R)&((A->(A->A)))->(@xP(a))
((R)->((R)&((A->(A->A)))->(@xP(a)))->((A->(A->A)))->(R)&((A->(A->A)))->(@xP(a)))->(R)->((A->(A->A)))->(R)&((A->(A->A)))->(@xP(a))
(R)->((A->(A->A)))->(R)&((A->(A->A)))->(@xP(a))
(((A->(A->A)))->(R)&((A->(A->A))))->(((A->(A->A)))->(R)&((A->(A->A)))->(@xP(a)))->((A->(A->A)))->(@xP(a))
((((A->(A->A)))->(R)&((A->(A->A))))->(((A->(A->A)))->(R)&((A->(A->A)))->(@xP(a)))->((A->(A->A)))->(@xP(a)))->(R)->(((A->(A->A)))->(R)&((A->(A->A))))->(((A->(A->A)))->(R)&((A->(A->A)))->(@xP(a)))->((A->(A->A)))->(@xP(a))
(R)->(((A->(A->A)))->(R)&((A->(A->A))))->(((A->(A->A)))->(R)&((A->(A->A)))->(@xP(a)))->((A->(A->A)))->(@xP(a))
((R)->((A->(A->A)))->(R)&((A->(A->A))))->((R)->(((A->(A->A)))->(R)&((A->(A->A))))->(((A->(A->A)))->(R)&((A->(A->A)))->(@xP(a)))->((A->(A->A)))->(@xP(a)))->(R)->(((A->(A->A)))->(R)&((A->(A->A)))->(@xP(a)))->((A->(A->A)))->(@xP(a))
((R)->(((A->(A->A)))->(R)&((A->(A->A))))->(((A->(A->A)))->(R)&((A->(A->A)))->(@xP(a)))->((A->(A->A)))->(@xP(a)))->(R)->(((A->(A->A)))->(R)&((A->(A->A)))->(@xP(a)))->((A->(A->A)))->(@xP(a))
(R)->(((A->(A->A)))->(R)&((A->(A->A)))->(@xP(a)))->((A->(A->A)))->(@xP(a))
((R)->((A->(A->A)))->(R)&((A->(A->A)))->(@xP(a)))->((R)->(((A->(A->A)))->(R)&((A->(A->A)))->(@xP(a)))->((A->(A->A)))->(@xP(a)))->(R)->((A->(A->A)))->(@xP(a))
((R)->(((A->(A->A)))->(R)&((A->(A->A)))->(@xP(a)))->((A->(A->A)))->(@xP(a)))->(R)->((A->(A->A)))->(@xP(a))
(R)->((A->(A->A)))->(@xP(a))
(R->@xP(a))