|-(P(a)->@aP(a))
P(a)->(P(a)->P(a))
(P(a)->(P(a)->P(a)))->(P(a)->((P(a)->P(a))->P(a)))->(P(a)->P(a))
(P(a)->((P(a)->P(a))->P(a)))->(P(a)->P(a))
P(a)->((P(a)->P(a))->P(a))
P(a)->P(a)
(A->(A->A))
(A->(A->A))->(P(a)->(A->(A->A)))
P(a)->(A->(A->A))
(P(a)->((A->(A->A))->P(a)))
(P(a)->((A->(A->A))->P(a)))->(P(a)->(P(a)->((A->(A->A))->P(a))))
P(a)->(P(a)->((A->(A->A))->P(a)))
(P(a)->P(a))->((P(a)->(P(a)->((A->(A->A))->P(a))))->(P(a)->((A->(A->A))->P(a))))
P(a)->(P(a)->P(a))
(P(a)->(P(a)->P(a)))->(P(a)->((P(a)->P(a))->P(a)))->(P(a)->P(a))
(P(a)->((P(a)->P(a))->P(a)))->(P(a)->P(a))
P(a)->((P(a)->P(a))->P(a))
P(a)->P(a)
((P(a)->(P(a)->((A->(A->A))->P(a))))->(P(a)->((A->(A->A))->P(a))))
(P(a)->((A->(A->A))->P(a)))
(P(a)->((A->(A->A))->P(a)))->(P(a)->(P(a)->((A->(A->A))->P(a))))
P(a)->(P(a)->((A->(A->A))->P(a)))
P(a)->((A->(A->A))->P(a))
NotCorr 5
NotCorr 6
