A|-((A->B)->(C->R))
((C->A)->((C->(A->B))->(C->B)))
((C->A)->((C->(A->B))->(C->B)))->((A->B)->((C->A)->((C->(A->B))->(C->B))))
(A->B)->((C->A)->((C->(A->B))->(C->B)))
A
A->((A->B)->A)
(A->B)->A
(A->(C->A))
(A->(C->A))->((A->B)->(A->(C->A)))
(A->B)->(A->(C->A))
((A->B)->A)->(((A->B)->(A->(C->A)))->((A->B)->(C->A)))
A
A->((A->B)->A)
(A->B)->A
(((A->B)->(A->(C->A)))->((A->B)->(C->A)))
(A->(C->A))
(A->(C->A))->((A->B)->(A->(C->A)))
(A->B)->(A->(C->A))
(A->B)->(C->A)
((A->B)->(C->A))->(((A->B)->((C->A)->((C->(A->B))->(C->B))))->((A->B)->((C->(A->B))->(C->B))))
((A->B)->A)->(((A->B)->(A->(C->A)))->((A->B)->(C->A)))
A
A->((A->B)->A)
(A->B)->A
(((A->B)->(A->(C->A)))->((A->B)->(C->A)))
(A->(C->A))
(A->(C->A))->((A->B)->(A->(C->A)))
(A->B)->(A->(C->A))
(A->B)->(C->A)
(((A->B)->((C->A)->((C->(A->B))->(C->B))))->((A->B)->((C->(A->B))->(C->B))))
((C->A)->((C->(A->B))->(C->B)))
((C->A)->((C->(A->B))->(C->B)))->((A->B)->((C->A)->((C->(A->B))->(C->B))))
(A->B)->((C->A)->((C->(A->B))->(C->B)))
(A->B)->((C->(A->B))->(C->B))
(A->B)->((A->B)->(A->B))
((A->B)->((A->B)->(A->B)))->((A->B)->(((A->B)->(A->B))->(A->B)))->((A->B)->(A->B))
((A->B)->(((A->B)->(A->B))->(A->B)))->((A->B)->(A->B))
(A->B)->(((A->B)->(A->B))->(A->B))
(A->B)->(A->B)
((A->B)->(C->(A->B)))
((A->B)->(C->(A->B)))->((A->B)->((A->B)->(C->(A->B))))
(A->B)->((A->B)->(C->(A->B)))
((A->B)->(A->B))->(((A->B)->((A->B)->(C->(A->B))))->((A->B)->(C->(A->B))))
(A->B)->((A->B)->(A->B))
((A->B)->((A->B)->(A->B)))->((A->B)->(((A->B)->(A->B))->(A->B)))->((A->B)->(A->B))
((A->B)->(((A->B)->(A->B))->(A->B)))->((A->B)->(A->B))
(A->B)->(((A->B)->(A->B))->(A->B))
(A->B)->(A->B)
(((A->B)->((A->B)->(C->(A->B))))->((A->B)->(C->(A->B))))
((A->B)->(C->(A->B)))
((A->B)->(C->(A->B)))->((A->B)->((A->B)->(C->(A->B))))
(A->B)->((A->B)->(C->(A->B)))
(A->B)->(C->(A->B))
((A->B)->(C->(A->B)))->(((A->B)->((C->(A->B))->(C->B)))->((A->B)->(C->B)))
((A->B)->(A->B))->(((A->B)->((A->B)->(C->(A->B))))->((A->B)->(C->(A->B))))
(A->B)->((A->B)->(A->B))
((A->B)->((A->B)->(A->B)))->((A->B)->(((A->B)->(A->B))->(A->B)))->((A->B)->(A->B))
((A->B)->(((A->B)->(A->B))->(A->B)))->((A->B)->(A->B))
(A->B)->(((A->B)->(A->B))->(A->B))
(A->B)->(A->B)
(((A->B)->((A->B)->(C->(A->B))))->((A->B)->(C->(A->B))))
((A->B)->(C->(A->B)))
((A->B)->(C->(A->B)))->((A->B)->((A->B)->(C->(A->B))))
(A->B)->((A->B)->(C->(A->B)))
(A->B)->(C->(A->B))
(((A->B)->((C->(A->B))->(C->B)))->((A->B)->(C->B)))
((A->B)->(C->A))->(((A->B)->((C->A)->((C->(A->B))->(C->B))))->((A->B)->((C->(A->B))->(C->B))))
((A->B)->A)->(((A->B)->(A->(C->A)))->((A->B)->(C->A)))
A
A->((A->B)->A)
(A->B)->A
(((A->B)->(A->(C->A)))->((A->B)->(C->A)))
(A->(C->A))
(A->(C->A))->((A->B)->(A->(C->A)))
(A->B)->(A->(C->A))
(A->B)->(C->A)
(((A->B)->((C->A)->((C->(A->B))->(C->B))))->((A->B)->((C->(A->B))->(C->B))))
((C->A)->((C->(A->B))->(C->B)))
((C->A)->((C->(A->B))->(C->B)))->((A->B)->((C->A)->((C->(A->B))->(C->B))))
(A->B)->((C->A)->((C->(A->B))->(C->B)))
(A->B)->((C->(A->B))->(C->B))
(A->B)->(C->B)
