((A(x,y)&P(p))->A(a))|-(T->R)
((A(x,y)&P(p))->A(a))
((A(x,y)&P(p))->A(a))->(T->((A(x,y)&P(p))->A(a)))
T->((A(x,y)&P(p))->A(a))
(T)->((A(x,y)&P(p)))->(A(a))
(T)&((A(x,y)&P(p)))->((T)&((A(x,y)&P(p)))->(T)&((A(x,y)&P(p))))->(T)&((A(x,y)&P(p)))
(T)&((A(x,y)&P(p)))->(T)&((A(x,y)&P(p)))->(T)&((A(x,y)&P(p)))
((T)&((A(x,y)&P(p)))->(T)&((A(x,y)&P(p)))->(T)&((A(x,y)&P(p))))->((T)&((A(x,y)&P(p)))->((T)&((A(x,y)&P(p)))->(T)&((A(x,y)&P(p))))->(T)&((A(x,y)&P(p))))->(T)&((A(x,y)&P(p)))->(T)&((A(x,y)&P(p)))
((T)&((A(x,y)&P(p)))->((T)&((A(x,y)&P(p)))->(T)&((A(x,y)&P(p))))->(T)&((A(x,y)&P(p))))->(T)&((A(x,y)&P(p)))->(T)&((A(x,y)&P(p)))
(T)&((A(x,y)&P(p)))->(T)&((A(x,y)&P(p)))
(T)&((A(x,y)&P(p)))->(T)
((T)&((A(x,y)&P(p)))->(T))->(T)&((A(x,y)&P(p)))->(T)&((A(x,y)&P(p)))->(T)
(T)&((A(x,y)&P(p)))->(T)&((A(x,y)&P(p)))->(T)
(T)&((A(x,y)&P(p)))->((A(x,y)&P(p)))
((T)&((A(x,y)&P(p)))->((A(x,y)&P(p))))->(T)&((A(x,y)&P(p)))->(T)&((A(x,y)&P(p)))->((A(x,y)&P(p)))
(T)&((A(x,y)&P(p)))->(T)&((A(x,y)&P(p)))->((A(x,y)&P(p)))
((T)&((A(x,y)&P(p)))->(T)&((A(x,y)&P(p))))->((T)&((A(x,y)&P(p)))->(T)&((A(x,y)&P(p)))->(T))->(T)&((A(x,y)&P(p)))->(T)
((T)&((A(x,y)&P(p)))->(T)&((A(x,y)&P(p)))->(T))->(T)&((A(x,y)&P(p)))->(T)
(T)&((A(x,y)&P(p)))->(T)
((T)&((A(x,y)&P(p)))->(T)&((A(x,y)&P(p))))->((T)&((A(x,y)&P(p)))->(T)&((A(x,y)&P(p)))->((A(x,y)&P(p))))->(T)&((A(x,y)&P(p)))->((A(x,y)&P(p)))
((T)&((A(x,y)&P(p)))->(T)&((A(x,y)&P(p)))->((A(x,y)&P(p))))->(T)&((A(x,y)&P(p)))->((A(x,y)&P(p)))
(T)&((A(x,y)&P(p)))->((A(x,y)&P(p)))
((T)->((A(x,y)&P(p)))->(A(a)))->(T)&((A(x,y)&P(p)))->(T)->((A(x,y)&P(p)))->(A(a))
(T)&((A(x,y)&P(p)))->(T)->((A(x,y)&P(p)))->(A(a))
((T)&((A(x,y)&P(p)))->(T))->((T)&((A(x,y)&P(p)))->(T)->((A(x,y)&P(p)))->(A(a)))->(T)&((A(x,y)&P(p)))->((A(x,y)&P(p)))->(A(a))
((T)&((A(x,y)&P(p)))->(T)->((A(x,y)&P(p)))->(A(a)))->(T)&((A(x,y)&P(p)))->((A(x,y)&P(p)))->(A(a))
(T)&((A(x,y)&P(p)))->((A(x,y)&P(p)))->(A(a))
((T)&((A(x,y)&P(p)))->((A(x,y)&P(p))))->((T)&((A(x,y)&P(p)))->((A(x,y)&P(p)))->(A(a)))->(T)&((A(x,y)&P(p)))->(A(a))
((T)&((A(x,y)&P(p)))->((A(x,y)&P(p)))->(A(a)))->(T)&((A(x,y)&P(p)))->(A(a))
(T)&((A(x,y)&P(p)))->(A(a))
(T)&((A(x,y)&P(p)))->(@tA(a))
(T)->((T)->(T))->(T)
(T)->(T)->(T)
((T)->(T)->(T))->((T)->((T)->(T))->(T))->(T)->(T)
((T)->((T)->(T))->(T))->(T)->(T)
(T)->(T)
(T)->((A(x,y)&P(p)))->(T)
((T)->((A(x,y)&P(p)))->(T))->(T)->(T)->((A(x,y)&P(p)))->(T)
(T)->(T)->((A(x,y)&P(p)))->(T)
((T)->(T))->((T)->(T)->((A(x,y)&P(p)))->(T))->(T)->((A(x,y)&P(p)))->(T)
((T)->(T)->((A(x,y)&P(p)))->(T))->(T)->((A(x,y)&P(p)))->(T)
(T)->((A(x,y)&P(p)))->(T)
((A(x,y)&P(p)))->(((A(x,y)&P(p)))->((A(x,y)&P(p))))->((A(x,y)&P(p)))
(((A(x,y)&P(p)))->(((A(x,y)&P(p)))->((A(x,y)&P(p))))->((A(x,y)&P(p))))->(T)->((A(x,y)&P(p)))->(((A(x,y)&P(p)))->((A(x,y)&P(p))))->((A(x,y)&P(p)))
(T)->((A(x,y)&P(p)))->(((A(x,y)&P(p)))->((A(x,y)&P(p))))->((A(x,y)&P(p)))
((A(x,y)&P(p)))->((A(x,y)&P(p)))->((A(x,y)&P(p)))
(((A(x,y)&P(p)))->((A(x,y)&P(p)))->((A(x,y)&P(p))))->(T)->((A(x,y)&P(p)))->((A(x,y)&P(p)))->((A(x,y)&P(p)))
(T)->((A(x,y)&P(p)))->((A(x,y)&P(p)))->((A(x,y)&P(p)))
(((A(x,y)&P(p)))->((A(x,y)&P(p)))->((A(x,y)&P(p))))->(((A(x,y)&P(p)))->(((A(x,y)&P(p)))->((A(x,y)&P(p))))->((A(x,y)&P(p))))->((A(x,y)&P(p)))->((A(x,y)&P(p)))
((((A(x,y)&P(p)))->((A(x,y)&P(p)))->((A(x,y)&P(p))))->(((A(x,y)&P(p)))->(((A(x,y)&P(p)))->((A(x,y)&P(p))))->((A(x,y)&P(p))))->((A(x,y)&P(p)))->((A(x,y)&P(p))))->(T)->(((A(x,y)&P(p)))->((A(x,y)&P(p)))->((A(x,y)&P(p))))->(((A(x,y)&P(p)))->(((A(x,y)&P(p)))->((A(x,y)&P(p))))->((A(x,y)&P(p))))->((A(x,y)&P(p)))->((A(x,y)&P(p)))
(T)->(((A(x,y)&P(p)))->((A(x,y)&P(p)))->((A(x,y)&P(p))))->(((A(x,y)&P(p)))->(((A(x,y)&P(p)))->((A(x,y)&P(p))))->((A(x,y)&P(p))))->((A(x,y)&P(p)))->((A(x,y)&P(p)))
((T)->((A(x,y)&P(p)))->((A(x,y)&P(p)))->((A(x,y)&P(p))))->((T)->(((A(x,y)&P(p)))->((A(x,y)&P(p)))->((A(x,y)&P(p))))->(((A(x,y)&P(p)))->(((A(x,y)&P(p)))->((A(x,y)&P(p))))->((A(x,y)&P(p))))->((A(x,y)&P(p)))->((A(x,y)&P(p))))->(T)->(((A(x,y)&P(p)))->(((A(x,y)&P(p)))->((A(x,y)&P(p))))->((A(x,y)&P(p))))->((A(x,y)&P(p)))->((A(x,y)&P(p)))
((T)->(((A(x,y)&P(p)))->((A(x,y)&P(p)))->((A(x,y)&P(p))))->(((A(x,y)&P(p)))->(((A(x,y)&P(p)))->((A(x,y)&P(p))))->((A(x,y)&P(p))))->((A(x,y)&P(p)))->((A(x,y)&P(p))))->(T)->(((A(x,y)&P(p)))->(((A(x,y)&P(p)))->((A(x,y)&P(p))))->((A(x,y)&P(p))))->((A(x,y)&P(p)))->((A(x,y)&P(p)))
(T)->(((A(x,y)&P(p)))->(((A(x,y)&P(p)))->((A(x,y)&P(p))))->((A(x,y)&P(p))))->((A(x,y)&P(p)))->((A(x,y)&P(p)))
((T)->((A(x,y)&P(p)))->(((A(x,y)&P(p)))->((A(x,y)&P(p))))->((A(x,y)&P(p))))->((T)->(((A(x,y)&P(p)))->(((A(x,y)&P(p)))->((A(x,y)&P(p))))->((A(x,y)&P(p))))->((A(x,y)&P(p)))->((A(x,y)&P(p))))->(T)->((A(x,y)&P(p)))->((A(x,y)&P(p)))
((T)->(((A(x,y)&P(p)))->(((A(x,y)&P(p)))->((A(x,y)&P(p))))->((A(x,y)&P(p))))->((A(x,y)&P(p)))->((A(x,y)&P(p))))->(T)->((A(x,y)&P(p)))->((A(x,y)&P(p)))
(T)->((A(x,y)&P(p)))->((A(x,y)&P(p)))
(T)->((A(x,y)&P(p)))->(T)&((A(x,y)&P(p)))
((T)->((A(x,y)&P(p)))->(T)&((A(x,y)&P(p))))->(T)->(T)->((A(x,y)&P(p)))->(T)&((A(x,y)&P(p)))
(T)->(T)->((A(x,y)&P(p)))->(T)&((A(x,y)&P(p)))
((T)->((A(x,y)&P(p)))->(T)&((A(x,y)&P(p))))->((A(x,y)&P(p)))->(T)->((A(x,y)&P(p)))->(T)&((A(x,y)&P(p)))
(((T)->((A(x,y)&P(p)))->(T)&((A(x,y)&P(p))))->((A(x,y)&P(p)))->(T)->((A(x,y)&P(p)))->(T)&((A(x,y)&P(p))))->(T)->((T)->((A(x,y)&P(p)))->(T)&((A(x,y)&P(p))))->((A(x,y)&P(p)))->(T)->((A(x,y)&P(p)))->(T)&((A(x,y)&P(p)))
(T)->((T)->((A(x,y)&P(p)))->(T)&((A(x,y)&P(p))))->((A(x,y)&P(p)))->(T)->((A(x,y)&P(p)))->(T)&((A(x,y)&P(p)))
((T)->(T)->((A(x,y)&P(p)))->(T)&((A(x,y)&P(p))))->((T)->((T)->((A(x,y)&P(p)))->(T)&((A(x,y)&P(p))))->((A(x,y)&P(p)))->(T)->((A(x,y)&P(p)))->(T)&((A(x,y)&P(p))))->(T)->((A(x,y)&P(p)))->(T)->((A(x,y)&P(p)))->(T)&((A(x,y)&P(p)))
((T)->((T)->((A(x,y)&P(p)))->(T)&((A(x,y)&P(p))))->((A(x,y)&P(p)))->(T)->((A(x,y)&P(p)))->(T)&((A(x,y)&P(p))))->(T)->((A(x,y)&P(p)))->(T)->((A(x,y)&P(p)))->(T)&((A(x,y)&P(p)))
(T)->((A(x,y)&P(p)))->(T)->((A(x,y)&P(p)))->(T)&((A(x,y)&P(p)))
(((A(x,y)&P(p)))->(T))->(((A(x,y)&P(p)))->(T)->((A(x,y)&P(p)))->(T)&((A(x,y)&P(p))))->((A(x,y)&P(p)))->((A(x,y)&P(p)))->(T)&((A(x,y)&P(p)))
((((A(x,y)&P(p)))->(T))->(((A(x,y)&P(p)))->(T)->((A(x,y)&P(p)))->(T)&((A(x,y)&P(p))))->((A(x,y)&P(p)))->((A(x,y)&P(p)))->(T)&((A(x,y)&P(p))))->(T)->(((A(x,y)&P(p)))->(T))->(((A(x,y)&P(p)))->(T)->((A(x,y)&P(p)))->(T)&((A(x,y)&P(p))))->((A(x,y)&P(p)))->((A(x,y)&P(p)))->(T)&((A(x,y)&P(p)))
(T)->(((A(x,y)&P(p)))->(T))->(((A(x,y)&P(p)))->(T)->((A(x,y)&P(p)))->(T)&((A(x,y)&P(p))))->((A(x,y)&P(p)))->((A(x,y)&P(p)))->(T)&((A(x,y)&P(p)))
((T)->((A(x,y)&P(p)))->(T))->((T)->(((A(x,y)&P(p)))->(T))->(((A(x,y)&P(p)))->(T)->((A(x,y)&P(p)))->(T)&((A(x,y)&P(p))))->((A(x,y)&P(p)))->((A(x,y)&P(p)))->(T)&((A(x,y)&P(p))))->(T)->(((A(x,y)&P(p)))->(T)->((A(x,y)&P(p)))->(T)&((A(x,y)&P(p))))->((A(x,y)&P(p)))->((A(x,y)&P(p)))->(T)&((A(x,y)&P(p)))
((T)->(((A(x,y)&P(p)))->(T))->(((A(x,y)&P(p)))->(T)->((A(x,y)&P(p)))->(T)&((A(x,y)&P(p))))->((A(x,y)&P(p)))->((A(x,y)&P(p)))->(T)&((A(x,y)&P(p))))->(T)->(((A(x,y)&P(p)))->(T)->((A(x,y)&P(p)))->(T)&((A(x,y)&P(p))))->((A(x,y)&P(p)))->((A(x,y)&P(p)))->(T)&((A(x,y)&P(p)))
(T)->(((A(x,y)&P(p)))->(T)->((A(x,y)&P(p)))->(T)&((A(x,y)&P(p))))->((A(x,y)&P(p)))->((A(x,y)&P(p)))->(T)&((A(x,y)&P(p)))
((T)->((A(x,y)&P(p)))->(T)->((A(x,y)&P(p)))->(T)&((A(x,y)&P(p))))->((T)->(((A(x,y)&P(p)))->(T)->((A(x,y)&P(p)))->(T)&((A(x,y)&P(p))))->((A(x,y)&P(p)))->((A(x,y)&P(p)))->(T)&((A(x,y)&P(p))))->(T)->((A(x,y)&P(p)))->((A(x,y)&P(p)))->(T)&((A(x,y)&P(p)))
((T)->(((A(x,y)&P(p)))->(T)->((A(x,y)&P(p)))->(T)&((A(x,y)&P(p))))->((A(x,y)&P(p)))->((A(x,y)&P(p)))->(T)&((A(x,y)&P(p))))->(T)->((A(x,y)&P(p)))->((A(x,y)&P(p)))->(T)&((A(x,y)&P(p)))
(T)->((A(x,y)&P(p)))->((A(x,y)&P(p)))->(T)&((A(x,y)&P(p)))
(((A(x,y)&P(p)))->((A(x,y)&P(p))))->(((A(x,y)&P(p)))->((A(x,y)&P(p)))->(T)&((A(x,y)&P(p))))->((A(x,y)&P(p)))->(T)&((A(x,y)&P(p)))
((((A(x,y)&P(p)))->((A(x,y)&P(p))))->(((A(x,y)&P(p)))->((A(x,y)&P(p)))->(T)&((A(x,y)&P(p))))->((A(x,y)&P(p)))->(T)&((A(x,y)&P(p))))->(T)->(((A(x,y)&P(p)))->((A(x,y)&P(p))))->(((A(x,y)&P(p)))->((A(x,y)&P(p)))->(T)&((A(x,y)&P(p))))->((A(x,y)&P(p)))->(T)&((A(x,y)&P(p)))
(T)->(((A(x,y)&P(p)))->((A(x,y)&P(p))))->(((A(x,y)&P(p)))->((A(x,y)&P(p)))->(T)&((A(x,y)&P(p))))->((A(x,y)&P(p)))->(T)&((A(x,y)&P(p)))
((T)->((A(x,y)&P(p)))->((A(x,y)&P(p))))->((T)->(((A(x,y)&P(p)))->((A(x,y)&P(p))))->(((A(x,y)&P(p)))->((A(x,y)&P(p)))->(T)&((A(x,y)&P(p))))->((A(x,y)&P(p)))->(T)&((A(x,y)&P(p))))->(T)->(((A(x,y)&P(p)))->((A(x,y)&P(p)))->(T)&((A(x,y)&P(p))))->((A(x,y)&P(p)))->(T)&((A(x,y)&P(p)))
((T)->(((A(x,y)&P(p)))->((A(x,y)&P(p))))->(((A(x,y)&P(p)))->((A(x,y)&P(p)))->(T)&((A(x,y)&P(p))))->((A(x,y)&P(p)))->(T)&((A(x,y)&P(p))))->(T)->(((A(x,y)&P(p)))->((A(x,y)&P(p)))->(T)&((A(x,y)&P(p))))->((A(x,y)&P(p)))->(T)&((A(x,y)&P(p)))
(T)->(((A(x,y)&P(p)))->((A(x,y)&P(p)))->(T)&((A(x,y)&P(p))))->((A(x,y)&P(p)))->(T)&((A(x,y)&P(p)))
((T)->(T))->((T)->(T)->((A(x,y)&P(p)))->(T)&((A(x,y)&P(p))))->(T)->((A(x,y)&P(p)))->(T)&((A(x,y)&P(p)))
((T)->(T)->((A(x,y)&P(p)))->(T)&((A(x,y)&P(p))))->(T)->((A(x,y)&P(p)))->(T)&((A(x,y)&P(p)))
(T)->((A(x,y)&P(p)))->(T)&((A(x,y)&P(p)))
((T)&((A(x,y)&P(p)))->(@tA(a)))->(T)->(T)&((A(x,y)&P(p)))->(@tA(a))
(T)->(T)&((A(x,y)&P(p)))->(@tA(a))
((T)&((A(x,y)&P(p)))->(@tA(a)))->((A(x,y)&P(p)))->(T)&((A(x,y)&P(p)))->(@tA(a))
(((T)&((A(x,y)&P(p)))->(@tA(a)))->((A(x,y)&P(p)))->(T)&((A(x,y)&P(p)))->(@tA(a)))->(T)->((T)&((A(x,y)&P(p)))->(@tA(a)))->((A(x,y)&P(p)))->(T)&((A(x,y)&P(p)))->(@tA(a))
(T)->((T)&((A(x,y)&P(p)))->(@tA(a)))->((A(x,y)&P(p)))->(T)&((A(x,y)&P(p)))->(@tA(a))
((T)->(T)&((A(x,y)&P(p)))->(@tA(a)))->((T)->((T)&((A(x,y)&P(p)))->(@tA(a)))->((A(x,y)&P(p)))->(T)&((A(x,y)&P(p)))->(@tA(a)))->(T)->((A(x,y)&P(p)))->(T)&((A(x,y)&P(p)))->(@tA(a))
((T)->((T)&((A(x,y)&P(p)))->(@tA(a)))->((A(x,y)&P(p)))->(T)&((A(x,y)&P(p)))->(@tA(a)))->(T)->((A(x,y)&P(p)))->(T)&((A(x,y)&P(p)))->(@tA(a))
(T)->((A(x,y)&P(p)))->(T)&((A(x,y)&P(p)))->(@tA(a))
(((A(x,y)&P(p)))->(T)&((A(x,y)&P(p))))->(((A(x,y)&P(p)))->(T)&((A(x,y)&P(p)))->(@tA(a)))->((A(x,y)&P(p)))->(@tA(a))
((((A(x,y)&P(p)))->(T)&((A(x,y)&P(p))))->(((A(x,y)&P(p)))->(T)&((A(x,y)&P(p)))->(@tA(a)))->((A(x,y)&P(p)))->(@tA(a)))->(T)->(((A(x,y)&P(p)))->(T)&((A(x,y)&P(p))))->(((A(x,y)&P(p)))->(T)&((A(x,y)&P(p)))->(@tA(a)))->((A(x,y)&P(p)))->(@tA(a))
(T)->(((A(x,y)&P(p)))->(T)&((A(x,y)&P(p))))->(((A(x,y)&P(p)))->(T)&((A(x,y)&P(p)))->(@tA(a)))->((A(x,y)&P(p)))->(@tA(a))
((T)->((A(x,y)&P(p)))->(T)&((A(x,y)&P(p))))->((T)->(((A(x,y)&P(p)))->(T)&((A(x,y)&P(p))))->(((A(x,y)&P(p)))->(T)&((A(x,y)&P(p)))->(@tA(a)))->((A(x,y)&P(p)))->(@tA(a)))->(T)->(((A(x,y)&P(p)))->(T)&((A(x,y)&P(p)))->(@tA(a)))->((A(x,y)&P(p)))->(@tA(a))
((T)->(((A(x,y)&P(p)))->(T)&((A(x,y)&P(p))))->(((A(x,y)&P(p)))->(T)&((A(x,y)&P(p)))->(@tA(a)))->((A(x,y)&P(p)))->(@tA(a)))->(T)->(((A(x,y)&P(p)))->(T)&((A(x,y)&P(p)))->(@tA(a)))->((A(x,y)&P(p)))->(@tA(a))
(T)->(((A(x,y)&P(p)))->(T)&((A(x,y)&P(p)))->(@tA(a)))->((A(x,y)&P(p)))->(@tA(a))
((T)->((A(x,y)&P(p)))->(T)&((A(x,y)&P(p)))->(@tA(a)))->((T)->(((A(x,y)&P(p)))->(T)&((A(x,y)&P(p)))->(@tA(a)))->((A(x,y)&P(p)))->(@tA(a)))->(T)->((A(x,y)&P(p)))->(@tA(a))
((T)->(((A(x,y)&P(p)))->(T)&((A(x,y)&P(p)))->(@tA(a)))->((A(x,y)&P(p)))->(@tA(a)))->(T)->((A(x,y)&P(p)))->(@tA(a))
(T)->((A(x,y)&P(p)))->(@tA(a))
