Высказывание ((A&B)|!(A&B)):
*
 * B
 * A
 * 
 * B
 * A
 * B, A
---------------------------------------------------------------
Высказывание (P|!P):
*
 * 
 * P
---------------------------------------------------------------
Высказывание (((P|!P)|Q)|R):
*
 * R
 * Q
 * R, Q
 * 
 * R
 * Q
 * R, Q
 * P
 * R, P
 * P, Q
 * R, P, Q
---------------------------------------------------------------
Высказывание((A&B)->A)общезначимо в интуиционистской логике.
---------------------------------------------------------------
Высказывание (((P|!P)|Q)|R):
*
 * R
 * Q
 * R, Q
 * 
 * R
 * Q
 * R, Q
 * P
 * R, P
 * P, Q
 * R, P, Q
---------------------------------------------------------------
