(B2->(B2->B2))
((B2->(B2->B2))->((B2->(A->C))->(B2->(B2->B2))))
((B2->(A->C))->(B2->(B2->B2)))
((B2->(B2->B2))->(A->(B2->(B2->B2))))
(((B2->(B2->B2))->(A->(B2->(B2->B2))))->((B2->(A->C))->((B2->(B2->B2))->(A->(B2->(B2->B2))))))
((B2->(A->C))->((B2->(B2->B2))->(A->(B2->(B2->B2)))))
(((B2->(A->C))->(B2->(B2->B2)))->(((B2->(A->C))->((B2->(B2->B2))->(A->(B2->(B2->B2)))))->((B2->(A->C))->(A->(B2->(B2->B2))))))
(((B2->(A->C))->((B2->(B2->B2))->(A->(B2->(B2->B2)))))->((B2->(A->C))->(A->(B2->(B2->B2)))))
((B2->(A->C))->(A->(B2->(B2->B2))))
((B2->(B2->B2))->((B2->((B2->B2)->B2))->(B2->B2)))
(((B2->(B2->B2))->((B2->((B2->B2)->B2))->(B2->B2)))->((B2->(A->C))->((B2->(B2->B2))->((B2->((B2->B2)->B2))->(B2->B2)))))
((B2->(A->C))->((B2->(B2->B2))->((B2->((B2->B2)->B2))->(B2->B2))))
(((B2->(B2->B2))->((B2->((B2->B2)->B2))->(B2->B2)))->(A->((B2->(B2->B2))->((B2->((B2->B2)->B2))->(B2->B2)))))
((((B2->(B2->B2))->((B2->((B2->B2)->B2))->(B2->B2)))->(A->((B2->(B2->B2))->((B2->((B2->B2)->B2))->(B2->B2)))))->((B2->(A->C))->(((B2->(B2->B2))->((B2->((B2->B2)->B2))->(B2->B2)))->(A->((B2->(B2->B2))->((B2->((B2->B2)->B2))->(B2->B2)))))))
((B2->(A->C))->(((B2->(B2->B2))->((B2->((B2->B2)->B2))->(B2->B2)))->(A->((B2->(B2->B2))->((B2->((B2->B2)->B2))->(B2->B2))))))
(((B2->(A->C))->((B2->(B2->B2))->((B2->((B2->B2)->B2))->(B2->B2))))->(((B2->(A->C))->(((B2->(B2->B2))->((B2->((B2->B2)->B2))->(B2->B2)))->(A->((B2->(B2->B2))->((B2->((B2->B2)->B2))->(B2->B2))))))->((B2->(A->C))->(A->((B2->(B2->B2))->((B2->((B2->B2)->B2))->(B2->B2)))))))
(((B2->(A->C))->(((B2->(B2->B2))->((B2->((B2->B2)->B2))->(B2->B2)))->(A->((B2->(B2->B2))->((B2->((B2->B2)->B2))->(B2->B2))))))->((B2->(A->C))->(A->((B2->(B2->B2))->((B2->((B2->B2)->B2))->(B2->B2))))))
((B2->(A->C))->(A->((B2->(B2->B2))->((B2->((B2->B2)->B2))->(B2->B2)))))
((A->(B2->(B2->B2)))->((A->((B2->(B2->B2))->((B2->((B2->B2)->B2))->(B2->B2))))->(A->((B2->((B2->B2)->B2))->(B2->B2)))))
(((A->(B2->(B2->B2)))->((A->((B2->(B2->B2))->((B2->((B2->B2)->B2))->(B2->B2))))->(A->((B2->((B2->B2)->B2))->(B2->B2)))))->((B2->(A->C))->((A->(B2->(B2->B2)))->((A->((B2->(B2->B2))->((B2->((B2->B2)->B2))->(B2->B2))))->(A->((B2->((B2->B2)->B2))->(B2->B2)))))))
((B2->(A->C))->((A->(B2->(B2->B2)))->((A->((B2->(B2->B2))->((B2->((B2->B2)->B2))->(B2->B2))))->(A->((B2->((B2->B2)->B2))->(B2->B2))))))
(((B2->(A->C))->(A->(B2->(B2->B2))))->(((B2->(A->C))->((A->(B2->(B2->B2)))->((A->((B2->(B2->B2))->((B2->((B2->B2)->B2))->(B2->B2))))->(A->((B2->((B2->B2)->B2))->(B2->B2))))))->((B2->(A->C))->((A->((B2->(B2->B2))->((B2->((B2->B2)->B2))->(B2->B2))))->(A->((B2->((B2->B2)->B2))->(B2->B2)))))))
(((B2->(A->C))->((A->(B2->(B2->B2)))->((A->((B2->(B2->B2))->((B2->((B2->B2)->B2))->(B2->B2))))->(A->((B2->((B2->B2)->B2))->(B2->B2))))))->((B2->(A->C))->((A->((B2->(B2->B2))->((B2->((B2->B2)->B2))->(B2->B2))))->(A->((B2->((B2->B2)->B2))->(B2->B2))))))
((B2->(A->C))->((A->((B2->(B2->B2))->((B2->((B2->B2)->B2))->(B2->B2))))->(A->((B2->((B2->B2)->B2))->(B2->B2)))))
(((B2->(A->C))->(A->((B2->(B2->B2))->((B2->((B2->B2)->B2))->(B2->B2)))))->(((B2->(A->C))->((A->((B2->(B2->B2))->((B2->((B2->B2)->B2))->(B2->B2))))->(A->((B2->((B2->B2)->B2))->(B2->B2)))))->((B2->(A->C))->(A->((B2->((B2->B2)->B2))->(B2->B2))))))
(((B2->(A->C))->((A->((B2->(B2->B2))->((B2->((B2->B2)->B2))->(B2->B2))))->(A->((B2->((B2->B2)->B2))->(B2->B2)))))->((B2->(A->C))->(A->((B2->((B2->B2)->B2))->(B2->B2)))))
((B2->(A->C))->(A->((B2->((B2->B2)->B2))->(B2->B2))))
(B2->((B2->B2)->B2))
((B2->((B2->B2)->B2))->((B2->(A->C))->(B2->((B2->B2)->B2))))
((B2->(A->C))->(B2->((B2->B2)->B2)))
((B2->((B2->B2)->B2))->(A->(B2->((B2->B2)->B2))))
(((B2->((B2->B2)->B2))->(A->(B2->((B2->B2)->B2))))->((B2->(A->C))->((B2->((B2->B2)->B2))->(A->(B2->((B2->B2)->B2))))))
((B2->(A->C))->((B2->((B2->B2)->B2))->(A->(B2->((B2->B2)->B2)))))
(((B2->(A->C))->(B2->((B2->B2)->B2)))->(((B2->(A->C))->((B2->((B2->B2)->B2))->(A->(B2->((B2->B2)->B2)))))->((B2->(A->C))->(A->(B2->((B2->B2)->B2))))))
(((B2->(A->C))->((B2->((B2->B2)->B2))->(A->(B2->((B2->B2)->B2)))))->((B2->(A->C))->(A->(B2->((B2->B2)->B2)))))
((B2->(A->C))->(A->(B2->((B2->B2)->B2))))
((A->(B2->((B2->B2)->B2)))->((A->((B2->((B2->B2)->B2))->(B2->B2)))->(A->(B2->B2))))
(((A->(B2->((B2->B2)->B2)))->((A->((B2->((B2->B2)->B2))->(B2->B2)))->(A->(B2->B2))))->((B2->(A->C))->((A->(B2->((B2->B2)->B2)))->((A->((B2->((B2->B2)->B2))->(B2->B2)))->(A->(B2->B2))))))
((B2->(A->C))->((A->(B2->((B2->B2)->B2)))->((A->((B2->((B2->B2)->B2))->(B2->B2)))->(A->(B2->B2)))))
(((B2->(A->C))->(A->(B2->((B2->B2)->B2))))->(((B2->(A->C))->((A->(B2->((B2->B2)->B2)))->((A->((B2->((B2->B2)->B2))->(B2->B2)))->(A->(B2->B2)))))->((B2->(A->C))->((A->((B2->((B2->B2)->B2))->(B2->B2)))->(A->(B2->B2))))))
(((B2->(A->C))->((A->(B2->((B2->B2)->B2)))->((A->((B2->((B2->B2)->B2))->(B2->B2)))->(A->(B2->B2)))))->((B2->(A->C))->((A->((B2->((B2->B2)->B2))->(B2->B2)))->(A->(B2->B2)))))
((B2->(A->C))->((A->((B2->((B2->B2)->B2))->(B2->B2)))->(A->(B2->B2))))
(((B2->(A->C))->(A->((B2->((B2->B2)->B2))->(B2->B2))))->(((B2->(A->C))->((A->((B2->((B2->B2)->B2))->(B2->B2)))->(A->(B2->B2))))->((B2->(A->C))->(A->(B2->B2)))))
(((B2->(A->C))->((A->((B2->((B2->B2)->B2))->(B2->B2)))->(A->(B2->B2))))->((B2->(A->C))->(A->(B2->B2))))
((B2->(A->C))->(A->(B2->B2)))
(A->(A->A))
((A->(A->A))->((B2->(A->C))->(A->(A->A))))
((B2->(A->C))->(A->(A->A)))
((A->(A->A))->((A->((A->A)->A))->(A->A)))
(((A->(A->A))->((A->((A->A)->A))->(A->A)))->((B2->(A->C))->((A->(A->A))->((A->((A->A)->A))->(A->A)))))
((B2->(A->C))->((A->(A->A))->((A->((A->A)->A))->(A->A))))
(((B2->(A->C))->(A->(A->A)))->(((B2->(A->C))->((A->(A->A))->((A->((A->A)->A))->(A->A))))->((B2->(A->C))->((A->((A->A)->A))->(A->A)))))
(((B2->(A->C))->((A->(A->A))->((A->((A->A)->A))->(A->A))))->((B2->(A->C))->((A->((A->A)->A))->(A->A))))
((B2->(A->C))->((A->((A->A)->A))->(A->A)))
(A->((A->A)->A))
((A->((A->A)->A))->((B2->(A->C))->(A->((A->A)->A))))
((B2->(A->C))->(A->((A->A)->A)))
(((B2->(A->C))->(A->((A->A)->A)))->(((B2->(A->C))->((A->((A->A)->A))->(A->A)))->((B2->(A->C))->(A->A))))
(((B2->(A->C))->((A->((A->A)->A))->(A->A)))->((B2->(A->C))->(A->A)))
((B2->(A->C))->(A->A))
(A->(B2->A))
((A->(B2->A))->((B2->(A->C))->(A->(B2->A))))
((B2->(A->C))->(A->(B2->A)))
((A->(B2->A))->(A->(A->(B2->A))))
(((A->(B2->A))->(A->(A->(B2->A))))->((B2->(A->C))->((A->(B2->A))->(A->(A->(B2->A))))))
((B2->(A->C))->((A->(B2->A))->(A->(A->(B2->A)))))
(((B2->(A->C))->(A->(B2->A)))->(((B2->(A->C))->((A->(B2->A))->(A->(A->(B2->A)))))->((B2->(A->C))->(A->(A->(B2->A))))))
(((B2->(A->C))->((A->(B2->A))->(A->(A->(B2->A)))))->((B2->(A->C))->(A->(A->(B2->A)))))
((B2->(A->C))->(A->(A->(B2->A))))
((A->A)->((A->(A->(B2->A)))->(A->(B2->A))))
(((A->A)->((A->(A->(B2->A)))->(A->(B2->A))))->((B2->(A->C))->((A->A)->((A->(A->(B2->A)))->(A->(B2->A))))))
((B2->(A->C))->((A->A)->((A->(A->(B2->A)))->(A->(B2->A)))))
(((B2->(A->C))->(A->A))->(((B2->(A->C))->((A->A)->((A->(A->(B2->A)))->(A->(B2->A)))))->((B2->(A->C))->((A->(A->(B2->A)))->(A->(B2->A))))))
(((B2->(A->C))->((A->A)->((A->(A->(B2->A)))->(A->(B2->A)))))->((B2->(A->C))->((A->(A->(B2->A)))->(A->(B2->A)))))
((B2->(A->C))->((A->(A->(B2->A)))->(A->(B2->A))))
((B2->(A->C))->((B2->(A->C))->(B2->(A->C))))
(((B2->(A->C))->((B2->(A->C))->(B2->(A->C))))->(((B2->(A->C))->(((B2->(A->C))->(B2->(A->C)))->(B2->(A->C))))->((B2->(A->C))->(B2->(A->C)))))
(((B2->(A->C))->(((B2->(A->C))->(B2->(A->C)))->(B2->(A->C))))->((B2->(A->C))->(B2->(A->C))))
((B2->(A->C))->(((B2->(A->C))->(B2->(A->C)))->(B2->(A->C))))
((B2->(A->C))->(B2->(A->C)))
((B2->(A->C))->(A->(B2->(A->C))))
(((B2->(A->C))->(A->(B2->(A->C))))->((B2->(A->C))->((B2->(A->C))->(A->(B2->(A->C))))))
((B2->(A->C))->((B2->(A->C))->(A->(B2->(A->C)))))
(((B2->(A->C))->(B2->(A->C)))->(((B2->(A->C))->((B2->(A->C))->(A->(B2->(A->C)))))->((B2->(A->C))->(A->(B2->(A->C))))))
(((B2->(A->C))->((B2->(A->C))->(A->(B2->(A->C)))))->((B2->(A->C))->(A->(B2->(A->C)))))
((B2->(A->C))->(B2->(B2->(A->C))))
(((B2->(A->C))->(B2->(B2->(A->C))))->((B2->(A->C))->((B2->(A->C))->(B2->(B2->(A->C))))))
((B2->(A->C))->((B2->(A->C))->(B2->(B2->(A->C)))))
(((B2->(A->C))->(B2->(B2->(A->C))))->(A->((B2->(A->C))->(B2->(B2->(A->C))))))
((((B2->(A->C))->(B2->(B2->(A->C))))->(A->((B2->(A->C))->(B2->(B2->(A->C))))))->((B2->(A->C))->(((B2->(A->C))->(B2->(B2->(A->C))))->(A->((B2->(A->C))->(B2->(B2->(A->C))))))))
((B2->(A->C))->(((B2->(A->C))->(B2->(B2->(A->C))))->(A->((B2->(A->C))->(B2->(B2->(A->C)))))))
(((B2->(A->C))->((B2->(A->C))->(B2->(B2->(A->C)))))->(((B2->(A->C))->(((B2->(A->C))->(B2->(B2->(A->C))))->(A->((B2->(A->C))->(B2->(B2->(A->C)))))))->((B2->(A->C))->(A->((B2->(A->C))->(B2->(B2->(A->C))))))))
(((B2->(A->C))->(((B2->(A->C))->(B2->(B2->(A->C))))->(A->((B2->(A->C))->(B2->(B2->(A->C)))))))->((B2->(A->C))->(A->((B2->(A->C))->(B2->(B2->(A->C)))))))
((B2->(A->C))->(A->((B2->(A->C))->(B2->(B2->(A->C))))))
((A->(B2->(A->C)))->((A->((B2->(A->C))->(B2->(B2->(A->C)))))->(A->(B2->(B2->(A->C))))))
(((A->(B2->(A->C)))->((A->((B2->(A->C))->(B2->(B2->(A->C)))))->(A->(B2->(B2->(A->C))))))->((B2->(A->C))->((A->(B2->(A->C)))->((A->((B2->(A->C))->(B2->(B2->(A->C)))))->(A->(B2->(B2->(A->C))))))))
((B2->(A->C))->((A->(B2->(A->C)))->((A->((B2->(A->C))->(B2->(B2->(A->C)))))->(A->(B2->(B2->(A->C)))))))
(((B2->(A->C))->(A->(B2->(A->C))))->(((B2->(A->C))->((A->(B2->(A->C)))->((A->((B2->(A->C))->(B2->(B2->(A->C)))))->(A->(B2->(B2->(A->C)))))))->((B2->(A->C))->((A->((B2->(A->C))->(B2->(B2->(A->C)))))->(A->(B2->(B2->(A->C))))))))
(((B2->(A->C))->((A->(B2->(A->C)))->((A->((B2->(A->C))->(B2->(B2->(A->C)))))->(A->(B2->(B2->(A->C)))))))->((B2->(A->C))->((A->((B2->(A->C))->(B2->(B2->(A->C)))))->(A->(B2->(B2->(A->C)))))))
((B2->(A->C))->((A->((B2->(A->C))->(B2->(B2->(A->C)))))->(A->(B2->(B2->(A->C))))))
(((B2->(A->C))->(A->((B2->(A->C))->(B2->(B2->(A->C))))))->(((B2->(A->C))->((A->((B2->(A->C))->(B2->(B2->(A->C)))))->(A->(B2->(B2->(A->C))))))->((B2->(A->C))->(A->(B2->(B2->(A->C)))))))
(((B2->(A->C))->((A->((B2->(A->C))->(B2->(B2->(A->C)))))->(A->(B2->(B2->(A->C))))))->((B2->(A->C))->(A->(B2->(B2->(A->C))))))
((B2->(A->C))->(A->(B2->(B2->(A->C)))))
((B2->B2)->((B2->(B2->(A->C)))->(B2->(A->C))))
(((B2->B2)->((B2->(B2->(A->C)))->(B2->(A->C))))->((B2->(A->C))->((B2->B2)->((B2->(B2->(A->C)))->(B2->(A->C))))))
((B2->(A->C))->((B2->B2)->((B2->(B2->(A->C)))->(B2->(A->C)))))
(((B2->B2)->((B2->(B2->(A->C)))->(B2->(A->C))))->(A->((B2->B2)->((B2->(B2->(A->C)))->(B2->(A->C))))))
((((B2->B2)->((B2->(B2->(A->C)))->(B2->(A->C))))->(A->((B2->B2)->((B2->(B2->(A->C)))->(B2->(A->C))))))->((B2->(A->C))->(((B2->B2)->((B2->(B2->(A->C)))->(B2->(A->C))))->(A->((B2->B2)->((B2->(B2->(A->C)))->(B2->(A->C))))))))
((B2->(A->C))->(((B2->B2)->((B2->(B2->(A->C)))->(B2->(A->C))))->(A->((B2->B2)->((B2->(B2->(A->C)))->(B2->(A->C)))))))
(((B2->(A->C))->((B2->B2)->((B2->(B2->(A->C)))->(B2->(A->C)))))->(((B2->(A->C))->(((B2->B2)->((B2->(B2->(A->C)))->(B2->(A->C))))->(A->((B2->B2)->((B2->(B2->(A->C)))->(B2->(A->C)))))))->((B2->(A->C))->(A->((B2->B2)->((B2->(B2->(A->C)))->(B2->(A->C))))))))
(((B2->(A->C))->(((B2->B2)->((B2->(B2->(A->C)))->(B2->(A->C))))->(A->((B2->B2)->((B2->(B2->(A->C)))->(B2->(A->C)))))))->((B2->(A->C))->(A->((B2->B2)->((B2->(B2->(A->C)))->(B2->(A->C)))))))
((B2->(A->C))->(A->((B2->B2)->((B2->(B2->(A->C)))->(B2->(A->C))))))
((A->(B2->B2))->((A->((B2->B2)->((B2->(B2->(A->C)))->(B2->(A->C)))))->(A->((B2->(B2->(A->C)))->(B2->(A->C))))))
(((A->(B2->B2))->((A->((B2->B2)->((B2->(B2->(A->C)))->(B2->(A->C)))))->(A->((B2->(B2->(A->C)))->(B2->(A->C))))))->((B2->(A->C))->((A->(B2->B2))->((A->((B2->B2)->((B2->(B2->(A->C)))->(B2->(A->C)))))->(A->((B2->(B2->(A->C)))->(B2->(A->C))))))))
((B2->(A->C))->((A->(B2->B2))->((A->((B2->B2)->((B2->(B2->(A->C)))->(B2->(A->C)))))->(A->((B2->(B2->(A->C)))->(B2->(A->C)))))))
(((B2->(A->C))->(A->(B2->B2)))->(((B2->(A->C))->((A->(B2->B2))->((A->((B2->B2)->((B2->(B2->(A->C)))->(B2->(A->C)))))->(A->((B2->(B2->(A->C)))->(B2->(A->C)))))))->((B2->(A->C))->((A->((B2->B2)->((B2->(B2->(A->C)))->(B2->(A->C)))))->(A->((B2->(B2->(A->C)))->(B2->(A->C))))))))
(((B2->(A->C))->((A->(B2->B2))->((A->((B2->B2)->((B2->(B2->(A->C)))->(B2->(A->C)))))->(A->((B2->(B2->(A->C)))->(B2->(A->C)))))))->((B2->(A->C))->((A->((B2->B2)->((B2->(B2->(A->C)))->(B2->(A->C)))))->(A->((B2->(B2->(A->C)))->(B2->(A->C)))))))
((B2->(A->C))->((A->((B2->B2)->((B2->(B2->(A->C)))->(B2->(A->C)))))->(A->((B2->(B2->(A->C)))->(B2->(A->C))))))
(((B2->(A->C))->(A->((B2->B2)->((B2->(B2->(A->C)))->(B2->(A->C))))))->(((B2->(A->C))->((A->((B2->B2)->((B2->(B2->(A->C)))->(B2->(A->C)))))->(A->((B2->(B2->(A->C)))->(B2->(A->C))))))->((B2->(A->C))->(A->((B2->(B2->(A->C)))->(B2->(A->C)))))))
(((B2->(A->C))->((A->((B2->B2)->((B2->(B2->(A->C)))->(B2->(A->C)))))->(A->((B2->(B2->(A->C)))->(B2->(A->C))))))->((B2->(A->C))->(A->((B2->(B2->(A->C)))->(B2->(A->C))))))
((B2->(A->C))->(A->((B2->(B2->(A->C)))->(B2->(A->C)))))
((B2->A)->((B2->(A->C))->(B2->C)))
(((B2->A)->((B2->(A->C))->(B2->C)))->((B2->(A->C))->((B2->A)->((B2->(A->C))->(B2->C)))))
((B2->(A->C))->((B2->A)->((B2->(A->C))->(B2->C))))
(((B2->A)->((B2->(A->C))->(B2->C)))->(A->((B2->A)->((B2->(A->C))->(B2->C)))))
((((B2->A)->((B2->(A->C))->(B2->C)))->(A->((B2->A)->((B2->(A->C))->(B2->C)))))->((B2->(A->C))->(((B2->A)->((B2->(A->C))->(B2->C)))->(A->((B2->A)->((B2->(A->C))->(B2->C)))))))
((B2->(A->C))->(((B2->A)->((B2->(A->C))->(B2->C)))->(A->((B2->A)->((B2->(A->C))->(B2->C))))))
(((B2->(A->C))->((B2->A)->((B2->(A->C))->(B2->C))))->(((B2->(A->C))->(((B2->A)->((B2->(A->C))->(B2->C)))->(A->((B2->A)->((B2->(A->C))->(B2->C))))))->((B2->(A->C))->(A->((B2->A)->((B2->(A->C))->(B2->C)))))))
(((B2->(A->C))->(((B2->A)->((B2->(A->C))->(B2->C)))->(A->((B2->A)->((B2->(A->C))->(B2->C))))))->((B2->(A->C))->(A->((B2->A)->((B2->(A->C))->(B2->C))))))
((B2->(A->C))->(A->((B2->A)->((B2->(A->C))->(B2->C)))))
((A->(B2->A))->((A->((B2->A)->((B2->(A->C))->(B2->C))))->(A->((B2->(A->C))->(B2->C)))))
(((A->(B2->A))->((A->((B2->A)->((B2->(A->C))->(B2->C))))->(A->((B2->(A->C))->(B2->C)))))->((B2->(A->C))->((A->(B2->A))->((A->((B2->A)->((B2->(A->C))->(B2->C))))->(A->((B2->(A->C))->(B2->C)))))))
((B2->(A->C))->((A->(B2->A))->((A->((B2->A)->((B2->(A->C))->(B2->C))))->(A->((B2->(A->C))->(B2->C))))))
(((B2->(A->C))->(A->(B2->A)))->(((B2->(A->C))->((A->(B2->A))->((A->((B2->A)->((B2->(A->C))->(B2->C))))->(A->((B2->(A->C))->(B2->C))))))->((B2->(A->C))->((A->((B2->A)->((B2->(A->C))->(B2->C))))->(A->((B2->(A->C))->(B2->C)))))))
(((B2->(A->C))->((A->(B2->A))->((A->((B2->A)->((B2->(A->C))->(B2->C))))->(A->((B2->(A->C))->(B2->C))))))->((B2->(A->C))->((A->((B2->A)->((B2->(A->C))->(B2->C))))->(A->((B2->(A->C))->(B2->C))))))
((B2->(A->C))->((A->((B2->A)->((B2->(A->C))->(B2->C))))->(A->((B2->(A->C))->(B2->C)))))
(((B2->(A->C))->(A->((B2->A)->((B2->(A->C))->(B2->C)))))->(((B2->(A->C))->((A->((B2->A)->((B2->(A->C))->(B2->C))))->(A->((B2->(A->C))->(B2->C)))))->((B2->(A->C))->(A->((B2->(A->C))->(B2->C))))))
(((B2->(A->C))->((A->((B2->A)->((B2->(A->C))->(B2->C))))->(A->((B2->(A->C))->(B2->C)))))->((B2->(A->C))->(A->((B2->(A->C))->(B2->C)))))
((B2->(A->C))->(A->((B2->(A->C))->(B2->C))))
((A->(B2->(A->C)))->((A->((B2->(A->C))->(B2->C)))->(A->(B2->C))))
(((A->(B2->(A->C)))->((A->((B2->(A->C))->(B2->C)))->(A->(B2->C))))->((B2->(A->C))->((A->(B2->(A->C)))->((A->((B2->(A->C))->(B2->C)))->(A->(B2->C))))))
((B2->(A->C))->((A->(B2->(A->C)))->((A->((B2->(A->C))->(B2->C)))->(A->(B2->C)))))
(((B2->(A->C))->(A->(B2->(A->C))))->(((B2->(A->C))->((A->(B2->(A->C)))->((A->((B2->(A->C))->(B2->C)))->(A->(B2->C)))))->((B2->(A->C))->((A->((B2->(A->C))->(B2->C)))->(A->(B2->C))))))
(((B2->(A->C))->((A->(B2->(A->C)))->((A->((B2->(A->C))->(B2->C)))->(A->(B2->C)))))->((B2->(A->C))->((A->((B2->(A->C))->(B2->C)))->(A->(B2->C)))))
((B2->(A->C))->((A->((B2->(A->C))->(B2->C)))->(A->(B2->C))))
(((B2->(A->C))->(A->((B2->(A->C))->(B2->C))))->(((B2->(A->C))->((A->((B2->(A->C))->(B2->C)))->(A->(B2->C))))->((B2->(A->C))->(A->(B2->C)))))
(((B2->(A->C))->((A->((B2->(A->C))->(B2->C)))->(A->(B2->C))))->((B2->(A->C))->(A->(B2->C))))
((B2->(A->C))->(A->(B2->C)))
